[1;37m [0,3]: przechodzę do stanu WAIT_ROLE[0;37m
[1;37m [0,3]: wysyłam ROLE do 1 z -1761607680[0;37m
[1;37m [0,3]: wysyłam ROLE do 2 z -1761607680[0;37m
[1;37m [0,3]: wysyłam ROLE do 3 z -1761607680[0;37m
[1;37m [0,3]: wysyłam ROLE do 4 z -1761607680[0;37m
[1;32m [2,19]: przechodzę do stanu WAIT_ROLE[0;37m
[1;32m [2,19]: wysyłam ROLE do 0 z 1728053248[0;37m
[1;32m [2,19]: wysyłam ROLE do 1 z 1728053248[0;37m
[1;32m [2,19]: wysyłam ROLE do 3 z 1728053248[0;37m
[1;32m [2,19]: wysyłam ROLE do 4 z 1728053248[0;37m
[1;32m [2,19]: wysyłam ROLE do 5 z 1728053248[0;37m
[1;32m [2,19]: wysyłam ROLE do 6 z 1728053248[0;37m
[1;32m [2,19]: wysyłam ROLE do 7 z 1728053248[0;37m
[1;32m [2,19]: wysyłam ROLE do 8 z 1728053248[0;37m
[1;32m [2,19]: wysyłam ROLE do 9 z 1728053248[0;37m
[1;34m [4,20]: przechodzę do stanu WAIT_ROLE[0;37m
[1;34m [4,20]: wysyłam ROLE do 0 z 922746880[0;37m
[1;34m [4,20]: wysyłam ROLE do 1 z 922746880[0;37m
[1;34m [4,20]: wysyłam ROLE do 2 z 922746880[0;37m
[1;34m [4,20]: wysyłam ROLE do 3 z 922746880[0;37m
[1;34m [4,20]: wysyłam ROLE do 5 z 922746880[0;37m
[1;34m [4,20]: wysyłam ROLE do 6 z 922746880[0;37m
[1;35m [5,23]: przechodzę do stanu WAIT_ROLE[0;37m
[1;35m [5,23]: wysyłam ROLE do 0 z 1996488704[0;37m
[1;35m [5,23]: wysyłam ROLE do 1 z 1996488704[0;37m
[1;35m [5,23]: wysyłam ROLE do 2 z 1996488704[0;37m
[1;35m [5,23]: wysyłam ROLE do 3 z 1996488704[0;37m
[1;35m [5,23]: wysyłam ROLE do 4 z 1996488704[0;37m
[1;35m [5,23]: wysyłam ROLE do 6 z 1996488704[0;37m
[1;35m [5,23]: wysyłam ROLE do 7 z 1996488704[0;37m
[1;35m [5,23]: wysyłam ROLE do 8 z 1996488704[0;37m
[1;35m [5,23]: wysyłam ROLE do 9 z 1996488704[0;37m
[1;35m [5,25]: otrzymałem ROLE od 7[0;37m
[1;35m [5,25]: wysyłam ROLE_ACK do 7 z -150994944[0;37m
[1;35m [5,27]: otrzymałem ROLE od 2[0;37m
[1;35m [5,27]: wysyłam ROLE_ACK do 2 z 1728053248[0;37m
[1;36m [6,7]: przechodzę do stanu WAIT_ROLE[0;37m
[1;36m [6,7]: wysyłam ROLE do 0 z -687865856[0;37m
[1;36m [6,7]: wysyłam ROLE do 1 z -687865856[0;37m
[1;36m [6,7]: wysyłam ROLE do 2 z -687865856[0;37m
[1;36m [6,7]: wysyłam ROLE do 3 z -687865856[0;37m
[0;37m [7,10]: przechodzę do stanu WAIT_ROLE[0;37m
[0;37m [7,10]: wysyłam ROLE do 0 z -150994944[0;37m
[0;37m [7,10]: wysyłam ROLE do 1 z -150994944[0;37m
[0;37m [7,10]: wysyłam ROLE do 2 z -150994944[0;37m
[0;37m [7,10]: wysyłam ROLE do 3 z -150994944[0;37m
[0;37m [7,10]: wysyłam ROLE do 4 z -150994944[0;37m
[0;37m [7,10]: wysyłam ROLE do 5 z -150994944[0;37m
[0;37m [7,10]: wysyłam ROLE do 6 z -150994944[0;37m
[0;37m [7,10]: wysyłam ROLE do 8 z -150994944[0;37m
[0;37m [7,10]: wysyłam ROLE do 9 z -150994944[0;37m
[0;31m [8,10]: przechodzę do stanu WAIT_ROLE[0;37m
[0;31m [8,10]: wysyłam ROLE do 0 z 654311424[0;37m
[0;31m [8,10]: wysyłam ROLE do 1 z 654311424[0;37m
[0;31m [8,10]: wysyłam ROLE do 2 z 654311424[0;37m
[0;32m [9,22]: przechodzę do stanu WAIT_ROLE[0;37m
[0;32m [9,22]: wysyłam ROLE do 0 z 117440512[0;37m
[0;32m [9,22]: wysyłam ROLE do 1 z 117440512[0;37m
[0;32m [9,22]: wysyłam ROLE do 2 z 117440512[0;37m
[0;32m [9,22]: wysyłam ROLE do 3 z 117440512[0;37m
[0;32m [9,22]: wysyłam ROLE do 4 z 117440512[0;37m
[0;32m [9,22]: wysyłam ROLE do 5 z 117440512[0;37m
[0;32m [9,22]: wysyłam ROLE do 6 z 117440512[0;37m
[0;32m [9,22]: wysyłam ROLE do 7 z 117440512[0;37m
[0;32m [9,22]: wysyłam ROLE do 8 z 117440512[0;37m
[0;32m [9,24]: otrzymałem ROLE od 5[0;37m
[1;32m [2,21]: otrzymałem ROLE od 0[0;37m
[1;32m [2,21]: wysyłam ROLE_ACK do 0 z -1761607680[0;37m
[1;34m [4,20]: wysyłam ROLE do 7 z 922746880[0;37m
[1;34m [4,20]: wysyłam ROLE do 8 z 922746880[0;37m
[1;34m [4,20]: wysyłam ROLE do 9 z 922746880[0;37m
[1;35m [5,29]: otrzymałem ROLE od 9[0;37m
[1;35m [5,29]: wysyłam ROLE_ACK do 9 z 117440512[0;37m
[1;36m [6,7]: wysyłam ROLE do 4 z -687865856[0;37m
[1;36m [6,7]: wysyłam ROLE do 5 z -687865856[0;37m
[1;36m [6,7]: wysyłam ROLE do 7 z -687865856[0;37m
[1;36m [6,7]: wysyłam ROLE do 8 z -687865856[0;37m
[1;36m [6,7]: wysyłam ROLE do 9 z -687865856[0;37m
[1;36m [6,11]: otrzymałem ROLE od 7[0;37m
[0;31m [8,10]: wysyłam ROLE do 3 z 654311424[0;37m
[0;31m [8,10]: wysyłam ROLE do 4 z 654311424[0;37m
[0;31m [8,10]: wysyłam ROLE do 5 z 654311424[0;37m
[0;31m [8,10]: wysyłam ROLE do 6 z 654311424[0;37m
[0;31m [8,10]: wysyłam ROLE do 7 z 654311424[0;37m
[0;31m [8,10]: wysyłam ROLE do 9 z 654311424[0;37m
[0;32m [9,24]: wysyłam ROLE_NACK do 5 z 1996488704[0;37m
[0;32m [9,26]: otrzymałem ROLE od 7[0;37m
[0;32m [9,26]: wysyłam ROLE_ACK do 7 z -150994944[0;37m
[0;32m [9,28]: otrzymałem ROLE od 2[0;37m
[0;32m [9,28]: wysyłam ROLE_ACK do 2 z 1728053248[0;37m
[0;32m [9,30]: otrzymałem ROLE od 8[0;37m
[0;32m [9,30]: wysyłam ROLE_ACK do 8 z 654311424[0;37m
[0;32m [9,32]: otrzymałem ROLE od 0[0;37m
[0;32m [9,32]: wysyłam ROLE_ACK do 0 z -1761607680[0;37m
[0;32m [9,34]: otrzymałem ROLE od 4[0;37m
[0;32m [9,34]: wysyłam ROLE_ACK do 4 z 922746880[0;37m
[0;32m [9,36]: otrzymałem ROLE_ACK od 5[0;37m
[0;32m [9,37]: otrzymałem ROLE od 6[0;37m
[1;31m [1,2]: przechodzę do stanu WAIT_ROLE[0;37m
[1;31m [1,2]: wysyłam ROLE do 0 z -1761607680[0;37m
[1;31m [1,2]: wysyłam ROLE do 2 z -1761607680[0;37m
[1;31m [1,2]: wysyłam ROLE do 3 z -1761607680[0;37m
[1;31m [1,2]: wysyłam ROLE do 4 z -1761607680[0;37m
[1;31m [1,2]: wysyłam ROLE do 5 z -1761607680[0;37m
[1;31m [1,2]: wysyłam ROLE do 6 z -1761607680[0;37m
[1;31m [1,2]: wysyłam ROLE do 7 z -1761607680[0;37m
[1;31m [1,2]: wysyłam ROLE do 8 z -1761607680[0;37m
[1;31m [1,2]: wysyłam ROLE do 9 z -1761607680[0;37m
[1;33m [3,20]: przechodzę do stanu WAIT_ROLE[0;37m
[1;33m [3,20]: wysyłam ROLE do 0 z -687865856[0;37m
[1;33m [3,20]: wysyłam ROLE do 1 z -687865856[0;37m
[1;33m [3,20]: wysyłam ROLE do 2 z -687865856[0;37m
[1;33m [3,20]: wysyłam ROLE do 4 z -687865856[0;37m
[1;33m [3,20]: wysyłam ROLE do 5 z -687865856[0;37m
[1;33m [3,20]: wysyłam ROLE do 6 z -687865856[0;37m
[1;33m [3,20]: wysyłam ROLE do 7 z -687865856[0;37m
[1;33m [3,20]: wysyłam ROLE do 8 z -687865856[0;37m
[1;33m [3,20]: wysyłam ROLE do 9 z -687865856[0;37m
[0;31m [8,12]: otrzymałem ROLE od 7[0;37m
[0;31m [8,12]: wysyłam ROLE_ACK do 7 z -150994944[0;37m
[1;32m [2,24]: otrzymałem ROLE od 5[0;37m
[1;32m [2,24]: wysyłam ROLE_NACK do 5 z 1996488704[0;37m
[1;32m [2,26]: otrzymałem ROLE od 1[0;37m
[1;32m [2,26]: wysyłam ROLE_ACK do 1 z -1761607680[0;37m
[1;32m [2,28]: otrzymałem ROLE od 3[0;37m
[1;32m [2,28]: wysyłam ROLE_NACK do 3 z -687865856[0;37m
[1;32m [2,30]: otrzymałem ROLE od 4[0;37m
[1;32m [2,30]: wysyłam ROLE_NACK do 4 z 922746880[0;37m
[1;32m [2,32]: otrzymałem ROLE_ACK od 5[0;37m
[1;34m [4,22]: otrzymałem ROLE od 7[0;37m
[1;34m [4,22]: wysyłam ROLE_ACK do 7 z -150994944[0;37m
[1;34m [4,24]: otrzymałem ROLE od 1[0;37m
[1;34m [4,24]: wysyłam ROLE_ACK do 1 z -1761607680[0;37m
[1;34m [4,26]: otrzymałem ROLE od 2[0;37m
[1;34m [4,26]: wysyłam ROLE_ACK do 2 z 1728053248[0;37m
[1;34m [4,28]: otrzymałem ROLE od 5[0;37m
[1;34m [4,28]: wysyłam ROLE_NACK do 5 z 1996488704[0;37m
[1;34m [4,30]: otrzymałem ROLE od 9[0;37m
[1;34m [4,30]: wysyłam ROLE_NACK do 9 z 117440512[0;37m
[1;34m [4,32]: otrzymałem ROLE od 8[0;37m
[1;34m [4,32]: wysyłam ROLE_ACK do 8 z 654311424[0;37m
[1;34m [4,34]: otrzymałem ROLE od 0[0;37m
[1;34m [4,34]: wysyłam ROLE_ACK do 0 z -1761607680[0;37m
[1;34m [4,36]: otrzymałem ROLE od 3[0;37m
[1;34m [4,36]: wysyłam ROLE_ACK do 3 z -687865856[0;37m
[1;34m [4,38]: otrzymałem ROLE od 6[0;37m
[1;34m [4,38]: wysyłam ROLE_ACK do 6 z -687865856[0;37m
[1;34m [4,40]: otrzymałem ROLE_ACK od 9[0;37m
[1;34m [4,41]: otrzymałem ROLE_ACK od 5[0;37m
[1;35m [5,31]: otrzymałem ROLE od 4[0;37m
[1;35m [5,31]: wysyłam ROLE_ACK do 4 z 922746880[0;37m
[1;35m [5,33]: otrzymałem ROLE od 0[0;37m
[1;35m [5,33]: wysyłam ROLE_ACK do 0 z -1761607680[0;37m
[1;35m [5,35]: otrzymałem ROLE od 1[0;37m
[1;35m [5,35]: wysyłam ROLE_ACK do 1 z -1761607680[0;37m
[1;35m [5,37]: otrzymałem ROLE od 3[0;37m
[1;35m [5,37]: wysyłam ROLE_ACK do 3 z -687865856[0;37m
[1;35m [5,39]: otrzymałem ROLE_NACK od 4[0;37m
[1;35m [5,40]: otrzymałem ROLE od 6[0;37m
[0;37m [7,23]: otrzymałem ROLE od 9[0;37m
[0;37m [7,23]: wysyłam ROLE_NACK do 9 z 117440512[0;37m
[0;37m [7,25]: otrzymałem ROLE od 1[0;37m
[0;37m [7,25]: wysyłam ROLE_ACK do 1 z -1761607680[0;37m
[0;37m [7,27]: otrzymałem ROLE od 2[0;37m
[0;37m [7,27]: wysyłam ROLE_NACK do 2 z 1728053248[0;37m
[0;37m [7,29]: otrzymałem ROLE od 3[0;37m
[0;37m [7,29]: wysyłam ROLE_NACK do 3 z -687865856[0;37m
[0;37m [7,31]: otrzymałem ROLE od 4[0;37m
[0;37m [7,31]: wysyłam ROLE_NACK do 4 z 922746880[0;37m
[0;37m [7,33]: otrzymałem ROLE od 5[0;37m
[0;37m [7,33]: wysyłam ROLE_NACK do 5 z 1996488704[0;37m
[0;37m [7,35]: otrzymałem ROLE od 6[0;37m
[0;37m [7,35]: wysyłam ROLE_ACK do 6 z -687865856[0;37m
[1;36m [6,11]: wysyłam ROLE_NACK do 7 z -150994944[0;37m
[1;36m [6,13]: otrzymałem ROLE od 1[0;37m
[1;36m [6,13]: wysyłam ROLE_ACK do 1 z -1761607680[0;37m
[1;36m [6,20]: otrzymałem ROLE od 2[0;37m
[1;36m [6,20]: wysyłam ROLE_NACK do 2 z 1728053248[0;37m
[1;36m [6,22]: otrzymałem ROLE od 4[0;37m
[1;36m [6,22]: wysyłam ROLE_NACK do 4 z 922746880[0;37m
[1;36m [6,24]: otrzymałem ROLE od 5[0;37m
[1;36m [6,24]: wysyłam ROLE_NACK do 5 z 1996488704[0;37m
[1;36m [6,26]: otrzymałem ROLE od 8[0;37m
[0;32m [9,37]: wysyłam ROLE_ACK do 6 z -687865856[0;37m
[0;32m [9,39]: otrzymałem ROLE od 1[0;37m
[0;32m [9,39]: wysyłam ROLE_ACK do 1 z -1761607680[0;37m
[0;32m [9,41]: otrzymałem ROLE_NACK od 4[0;37m
[0;32m [9,42]: otrzymałem ROLE_NACK od 7[0;37m
[0;32m [9,43]: otrzymałem ROLE od 3[0;37m
[0;32m [9,43]: wysyłam ROLE_ACK do 3 z -687865856[0;37m
[1;37m [0,3]: wysyłam ROLE do 5 z -1761607680[0;37m
[1;37m [0,3]: wysyłam ROLE do 6 z -1761607680[0;37m
[1;37m [0,3]: wysyłam ROLE do 7 z -1761607680[0;37m
[1;37m [0,3]: wysyłam ROLE do 8 z -1761607680[0;37m
[1;37m [0,3]: wysyłam ROLE do 9 z -1761607680[0;37m
[1;37m [0,24]: otrzymałem ROLE od 5[0;37m
[1;37m [0,24]: wysyłam ROLE_NACK do 5 z 1996488704[0;37m
[1;37m [0,26]: otrzymałem ROLE od 1[0;37m
[1;37m [0,26]: wysyłam ROLE_ACK do 1 z -1761607680[0;37m
[1;37m [0,28]: otrzymałem ROLE od 2[0;37m
[1;37m [0,28]: wysyłam ROLE_NACK do 2 z 1728053248[0;37m
[1;37m [0,30]: otrzymałem ROLE od 3[0;37m
[1;37m [0,30]: wysyłam ROLE_NACK do 3 z -687865856[0;37m
[1;31m [1,4]: otrzymałem ROLE od 0[0;37m
[1;31m [1,4]: wysyłam ROLE_NACK do 0 z -1761607680[0;37m
[1;31m [1,20]: otrzymałem ROLE od 2[0;37m
[1;31m [1,20]: wysyłam ROLE_NACK do 2 z 1728053248[0;37m
[1;31m [1,22]: otrzymałem ROLE od 3[0;37m
[1;31m [1,22]: wysyłam ROLE_NACK do 3 z -687865856[0;37m
[1;31m [1,24]: otrzymałem ROLE od 4[0;37m
[1;31m [1,24]: wysyłam ROLE_NACK do 4 z 922746880[0;37m
[1;31m [1,26]: otrzymałem ROLE od 5[0;37m
[1;31m [1,26]: wysyłam ROLE_NACK do 5 z 1996488704[0;37m
[1;31m [1,28]: otrzymałem ROLE od 6[0;37m
[1;31m [1,28]: wysyłam ROLE_NACK do 6 z -687865856[0;37m
[1;31m [1,30]: otrzymałem ROLE od 7[0;37m
[1;31m [1,30]: wysyłam ROLE_NACK do 7 z -150994944[0;37m
[1;31m [1,32]: otrzymałem ROLE od 8[0;37m
[1;31m [1,32]: wysyłam ROLE_NACK do 8 z 654311424[0;37m
[1;31m [1,34]: otrzymałem ROLE od 9[0;37m
[1;31m [1,34]: wysyłam ROLE_NACK do 9 z 117440512[0;37m
[1;34m [4,42]: otrzymałem ROLE_NACK od 1[0;37m
[1;34m [4,43]: otrzymałem ROLE_NACK od 7[0;37m
[1;34m [4,44]: otrzymałem ROLE_NACK od 2[0;37m
[1;34m [4,45]: otrzymałem ROLE_NACK od 6[0;37m
[1;34m [4,46]: otrzymałem ROLE_NACK od 0[0;37m
[1;35m [5,40]: wysyłam ROLE_ACK do 6 z -687865856[0;37m
[1;35m [5,42]: otrzymałem ROLE od 8[0;37m
[1;35m [5,42]: wysyłam ROLE_ACK do 8 z 654311424[0;37m
[1;35m [5,44]: otrzymałem ROLE_NACK od 9[0;37m
[1;35m [5,45]: otrzymałem ROLE_NACK od 0[0;37m
[1;35m [5,46]: otrzymałem ROLE_NACK od 2[0;37m
[1;35m [5,47]: otrzymałem ROLE_NACK od 1[0;37m
[1;35m [5,48]: otrzymałem ROLE_NACK od 6[0;37m
[0;37m [7,37]: otrzymałem ROLE od 8[0;37m
[0;37m [7,37]: wysyłam ROLE_NACK do 8 z 654311424[0;37m
[0;37m [7,39]: otrzymałem ROLE_ACK od 9[0;37m
[0;37m [7,40]: otrzymałem ROLE od 0[0;37m
[0;37m [7,40]: wysyłam ROLE_ACK do 0 z -1761607680[0;37m
[0;37m [7,42]: otrzymałem ROLE_ACK od 4[0;37m
[0;37m [7,43]: otrzymałem ROLE_ACK od 5[0;37m
[0;37m [7,44]: otrzymałem ROLE_NACK od 6[0;37m
[1;31m [1,36]: otrzymałem ROLE_ACK od 4[0;37m
[1;31m [1,37]: otrzymałem ROLE_ACK od 6[0;37m
[1;31m [1,38]: otrzymałem ROLE_ACK od 5[0;37m
[1;36m [6,26]: wysyłam ROLE_NACK do 8 z 654311424[0;37m
[1;36m [6,28]: otrzymałem ROLE od 9[0;37m
[1;36m [6,28]: wysyłam ROLE_NACK do 9 z 117440512[0;37m
[1;36m [6,30]: otrzymałem ROLE od 0[0;37m
[1;36m [6,30]: wysyłam ROLE_ACK do 0 z -1761607680[0;37m
[1;36m [6,32]: otrzymałem ROLE od 3[0;37m
[1;36m [6,32]: wysyłam ROLE_NACK do 3 z -687865856[0;37m
[1;36m [6,34]: otrzymałem ROLE_NACK od 1[0;37m
[1;36m [6,35]: otrzymałem ROLE_ACK od 2[0;37m
[0;32m [9,45]: otrzymałem ROLE_NACK od 6[0;37m
[0;32m [9,46]: otrzymałem ROLE_NACK od 1[0;37m
[0;32m [9,47]: otrzymałem ROLE_NACK od 2[0;37m
[1;37m [0,32]: otrzymałem ROLE od 4[0;37m
[1;37m [0,32]: wysyłam ROLE_NACK do 4 z 922746880[0;37m
[1;37m [0,34]: otrzymałem ROLE od 6[0;37m
[1;37m [0,34]: wysyłam ROLE_NACK do 6 z -687865856[0;37m
[1;37m [0,36]: otrzymałem ROLE od 7[0;37m
[1;37m [0,36]: wysyłam ROLE_NACK do 7 z -150994944[0;37m
[1;37m [0,38]: otrzymałem ROLE od 8[0;37m
[1;37m [0,38]: wysyłam ROLE_NACK do 8 z 654311424[0;37m
[1;37m [0,40]: otrzymałem ROLE od 9[0;37m
[1;37m [0,40]: wysyłam ROLE_NACK do 9 z 117440512[0;37m
[0;31m [8,20]: otrzymałem ROLE od 2[0;37m
[0;31m [8,20]: wysyłam ROLE_NACK do 2 z 1728053248[0;37m
[0;31m [8,22]: otrzymałem ROLE od 4[0;37m
[0;31m [8,22]: wysyłam ROLE_NACK do 4 z 922746880[0;37m
[0;31m [8,24]: otrzymałem ROLE od 5[0;37m
[0;31m [8,24]: wysyłam ROLE_NACK do 5 z 1996488704[0;37m
[0;31m [8,26]: otrzymałem ROLE od 9[0;37m
[0;31m [8,26]: wysyłam ROLE_NACK do 9 z 117440512[0;37m
[1;32m [2,33]: otrzymałem ROLE od 6[0;37m
[1;32m [2,33]: wysyłam ROLE_ACK do 6 z -687865856[0;37m
[1;32m [2,35]: otrzymałem ROLE od 7[0;37m
[1;32m [2,35]: wysyłam ROLE_ACK do 7 z -150994944[0;37m
[1;32m [2,37]: otrzymałem ROLE od 8[0;37m
[1;32m [2,37]: wysyłam ROLE_ACK do 8 z 654311424[0;37m
[1;32m [2,39]: otrzymałem ROLE od 9[0;37m
[1;32m [2,39]: wysyłam ROLE_NACK do 9 z 117440512[0;37m
[1;32m [2,41]: otrzymałem ROLE_ACK od 4[0;37m
[1;32m [2,42]: otrzymałem ROLE_ACK od 9[0;37m
[1;32m [2,43]: otrzymałem ROLE_NACK od 1[0;37m
[1;32m [2,44]: otrzymałem ROLE_NACK od 0[0;37m
[1;32m [2,45]: otrzymałem ROLE_NACK od 6[0;37m
[1;32m [2,46]: otrzymałem ROLE_NACK od 7[0;37m
[1;32m [2,47]: otrzymałem ROLE_NACK od 8[0;37m
[1;31m [1,39]: otrzymałem ROLE_ACK od 7[0;37m
[1;31m [1,40]: otrzymałem ROLE_ACK od 9[0;37m
[1;31m [1,41]: otrzymałem ROLE_ACK od 0[0;37m
[1;31m [1,42]: otrzymałem ROLE_ACK od 2[0;37m
[1;36m [6,39]: otrzymałem ROLE_ACK od 4[0;37m
[1;36m [6,41]: otrzymałem ROLE_ACK od 5[0;37m
[1;36m [6,42]: otrzymałem ROLE_ACK od 7[0;37m
[1;36m [6,43]: otrzymałem ROLE_ACK od 9[0;37m
[1;36m [6,44]: otrzymałem ROLE_NACK od 0[0;37m
[0;32m [9,48]: otrzymałem ROLE_NACK od 0[0;37m
[0;32m [9,49]: otrzymałem ROLE_NACK od 8[0;37m
[1;37m [0,42]: otrzymałem ROLE_ACK od 2[0;37m
[1;37m [0,43]: otrzymałem ROLE_NACK od 1[0;37m
[1;37m [0,44]: otrzymałem ROLE_ACK od 4[0;37m
[1;37m [0,45]: otrzymałem ROLE_ACK od 5[0;37m
[1;37m [0,46]: otrzymałem ROLE_ACK od 6[0;37m
[1;37m [0,47]: otrzymałem ROLE_ACK od 7[0;37m
[1;37m [0,48]: otrzymałem ROLE_ACK od 9[0;37m
[0;37m [7,45]: otrzymałem ROLE_ACK od 2[0;37m
[0;37m [7,46]: otrzymałem ROLE_ACK od 8[0;37m
[0;37m [7,47]: otrzymałem ROLE_NACK od 0[0;37m
[0;37m [7,48]: otrzymałem ROLE_NACK od 1[0;37m
[1;34m [4,47]: otrzymałem ROLE_NACK od 8[0;37m
[1;35m [5,49]: otrzymałem ROLE_NACK od 7[0;37m
[1;35m [5,50]: otrzymałem ROLE_NACK od 8[0;37m
[0;31m [8,28]: otrzymałem ROLE od 1[0;37m
[0;31m [8,28]: wysyłam ROLE_ACK do 1 z -1761607680[0;37m
[0;31m [8,30]: otrzymałem ROLE od 0[0;37m
[0;31m [8,30]: wysyłam ROLE_ACK do 0 z -1761607680[0;37m
[0;31m [8,33]: otrzymałem ROLE_NACK od 1[0;37m
[0;31m [8,38]: otrzymałem ROLE_ACK od 2[0;37m
[1;37m [0,49]: otrzymałem ROLE_ACK od 8[0;37m
[1;31m [1,43]: otrzymałem ROLE_ACK od 8[0;37m
[0;31m [8,39]: otrzymałem ROLE od 3[0;37m
[0;31m [8,39]: wysyłam ROLE_NACK do 3 z -687865856[0;37m
[0;31m [8,41]: otrzymałem ROLE_ACK od 4[0;37m
[0;31m [8,43]: otrzymałem ROLE_ACK od 5[0;37m
[0;31m [8,44]: otrzymałem ROLE od 6[0;37m
[0;31m [8,44]: wysyłam ROLE_ACK do 6 z -687865856[0;37m
[0;31m [8,46]: otrzymałem ROLE_NACK od 7[0;37m
[0;31m [8,47]: otrzymałem ROLE_ACK od 9[0;37m
[0;31m [8,48]: otrzymałem ROLE_NACK od 0[0;37m
[0;31m [8,49]: otrzymałem ROLE_NACK od 6[0;37m
[1;36m [6,45]: otrzymałem ROLE_ACK od 8[0;37m
[1;33m [3,22]: otrzymałem ROLE od 0[0;37m
[1;33m [3,22]: wysyłam ROLE_ACK do 0 z -1761607680[0;37m
[1;33m [3,24]: otrzymałem ROLE od 1[0;37m
[1;33m [3,24]: wysyłam ROLE_ACK do 1 z -1761607680[0;37m
[1;33m [3,26]: otrzymałem ROLE od 2[0;37m
[1;37m [0,50]: otrzymałem ROLE_ACK od 3[0;37m
[1;37m [0,50]: pairing: size2: 5 myId: 1 pairId: 6[0;37m
[1;37m [0,50]: wysyłam PAIR do 3 z 536870912[0;37m
[1;37m [0,51]: przechodzę do stanu WAIT_PAIR[0;37m
[1;32m [2,48]: otrzymałem ROLE_ACK od 3[0;37m
[1;32m [2,48]: pairing: size2: 5 myId: 5 pairId: 0[0;37m
[1;32m [2,49]: przechodzę do stanu WAIT_PAIR[0;37m
[1;32m [2,49]: otrzymałem PAIR od 1[0;37m
[1;32m [2,49]: wysyłam PAIR_ACK do 1 z 1728053248[0;37m
[1;32m [2,50]: przechodzę do stanu ROLLING[0;37m
[1;33m [3,26]: wysyłam ROLE_ACK do 2 z 1728053248[0;37m
[1;33m [3,28]: otrzymałem ROLE od 4[0;37m
[1;33m [3,28]: wysyłam ROLE_NACK do 4 z 922746880[0;37m
[1;33m [3,30]: otrzymałem ROLE od 5[0;37m
[1;33m [3,30]: wysyłam ROLE_NACK do 5 z 1996488704[0;37m
[1;33m [3,32]: otrzymałem ROLE od 6[0;37m
[1;33m [3,32]: wysyłam ROLE_ACK do 6 z -687865856[0;37m
[1;33m [3,34]: otrzymałem ROLE od 7[0;37m
[1;33m [3,34]: wysyłam ROLE_ACK do 7 z -150994944[0;37m
[1;33m [3,36]: otrzymałem ROLE od 8[0;37m
[1;33m [3,36]: wysyłam ROLE_ACK do 8 z 654311424[0;37m
[1;33m [3,38]: otrzymałem ROLE od 9[0;37m
[1;33m [3,38]: wysyłam ROLE_NACK do 9 z 117440512[0;37m
[1;33m [3,40]: otrzymałem ROLE_NACK od 1[0;37m
[1;31m [1,44]: otrzymałem ROLE_ACK od 3[0;37m
[1;31m [1,44]: pairing: size2: 5 myId: 0 pairId: 5[0;37m
[1;31m [1,44]: wysyłam PAIR do 2 z 536870912[0;37m
[1;31m [1,45]: przechodzę do stanu WAIT_PAIR[0;37m
[1;31m [1,50]: otrzymałem PAIR_ACK od 2[0;37m
[1;31m [1,50]: przechodzę do stanu WAIT_GUN[0;37m
[1;34m [4,48]: otrzymałem ROLE_NACK od 3[0;37m
[1;34m [4,48]: pairing: size2: 5 myId: 7 pairId: 2[0;37m
[1;34m [4,48]: przechodzę do stanu WAIT_PAIR[0;37m
[1;34m [4,49]: otrzymałem PAIR od 6[0;37m
[1;34m [4,49]: wysyłam PAIR_ACK do 6 z 922746880[0;37m
[1;34m [4,50]: przechodzę do stanu ROLLING[0;37m
[1;31m [1,50]: wysyłam GUN do 0 z -1761607680[0;37m
[1;37m [0,52]: otrzymałem PAIR_NACK od 3[0;37m
[1;37m [0,52]: wysyłam PAIR do 3 z -1761607680[0;37m
[1;37m [0,54]: otrzymałem GUN od 6[0;37m
[1;37m [0,54]: wysyłam GUN_ACK do 6 z -687865856[0;37m
[1;37m [0,56]: otrzymałem GUN od 1[0;37m
[1;37m [0,56]: wysyłam GUN_ACK do 1 z -1761607680[0;37m
[1;36m [6,46]: otrzymałem ROLE_ACK od 3[0;37m
[1;36m [6,46]: pairing: size2: 5 myId: 2 pairId: 7[0;37m
[1;36m [6,46]: wysyłam PAIR do 4 z 536870912[0;37m
[1;36m [6,47]: przechodzę do stanu WAIT_PAIR[0;37m
[1;36m [6,50]: otrzymałem PAIR_ACK od 4[0;37m
[1;36m [6,50]: przechodzę do stanu WAIT_GUN[0;37m
[1;36m [6,50]: wysyłam GUN do 1 z -687865856[0;37m
[1;36m [6,50]: wysyłam GUN do 0 z -687865856[0;37m
[1;36m [6,50]: wysyłam GUN do 7 z -687865856[0;37m
[1;36m [6,50]: wysyłam GUN do 8 z -687865856[0;37m
[0;32m [9,50]: otrzymałem ROLE_NACK od 3[0;37m
[0;32m [9,51]: otrzymałem PAIR od 7[0;37m
[0;32m [9,51]: wysyłam PAIR_NACK do 7 z 117440512[0;37m
[0;32m [9,51]: pairing: size2: 5 myId: 8 pairId: 3[0;37m
[0;32m [9,52]: przechodzę do stanu WAIT_PAIR[0;37m
[1;35m [5,51]: otrzymałem ROLE_NACK od 3[0;37m
[1;35m [5,51]: pairing: size2: 5 myId: 9 pairId: 4[0;37m
[1;35m [5,51]: przechodzę do stanu WAIT_PAIR[0;37m
[1;33m [3,41]: otrzymałem ROLE_NACK od 0[0;37m
[1;33m [3,42]: otrzymałem ROLE_NACK od 2[0;37m
[1;33m [3,43]: otrzymałem ROLE_ACK od 4[0;37m
[1;33m [3,44]: otrzymałem ROLE_ACK od 5[0;37m
[1;33m [3,45]: otrzymałem ROLE_NACK od 6[0;37m
[1;33m [3,46]: otrzymałem ROLE_NACK od 7[0;37m
[1;33m [3,47]: otrzymałem ROLE_NACK od 8[0;37m
[1;33m [3,48]: otrzymałem ROLE_ACK od 9[0;37m
[1;33m [3,51]: otrzymałem PAIR od 0[0;37m
[1;33m [3,51]: wysyłam PAIR_NACK do 0 z -687865856[0;37m
[1;33m [3,52]: pairing: size2: 5 myId: 6 pairId: 1[0;37m
[1;33m [3,53]: przechodzę do stanu WAIT_PAIR[0;37m
[1;33m [3,53]: otrzymałem PAIR od 0[0;37m
[1;33m [3,53]: wysyłam PAIR_ACK do 0 z -687865856[0;37m
[1;33m [3,54]: przechodzę do stanu ROLLING[0;37m
[0;37m [7,49]: otrzymałem ROLE_ACK od 3[0;37m
[0;37m [7,49]: pairing: size2: 5 myId: 3 pairId: 8[0;37m
[0;37m [7,49]: wysyłam PAIR do 9 z 536870912[0;37m
[0;37m [7,50]: przechodzę do stanu WAIT_PAIR[0;37m
[0;37m [7,52]: otrzymałem PAIR_NACK od 9[0;37m
[0;37m [7,52]: wysyłam PAIR do 9 z -150994944[0;37m
[0;37m [7,54]: otrzymałem GUN od 6[0;37m
[0;37m [7,54]: wysyłam GUN_ACK do 6 z -687865856[0;37m
[0;37m [7,56]: otrzymałem GUN od 1[0;37m
[0;37m [7,56]: wysyłam GUN_ACK do 1 z -1761607680[0;37m
[0;37m [7,58]: otrzymałem PAIR_ACK od 9[0;37m
[0;37m [7,58]: przechodzę do stanu WAIT_GUN[0;37m
[1;31m [1,50]: wysyłam GUN do 6 z -1761607680[0;37m
[1;31m [1,50]: wysyłam GUN do 7 z -1761607680[0;37m
[1;31m [1,50]: wysyłam GUN do 8 z -1761607680[0;37m
[1;31m [1,52]: otrzymałem GUN od 6[0;37m
[1;31m [1,52]: wysyłam GUN_NACK do 6 z -687865856[0;37m
[1;31m [1,57]: otrzymałem GUN_ACK od 0[0;37m
[1;31m [1,58]: otrzymałem GUN_ACK od 6[0;37m
[1;31m [1,59]: otrzymałem GUN_ACK od 7[0;37m
[1;31m [1,60]: otrzymałem GUN od 0[0;37m
[1;31m [1,60]: wysyłam GUN_NACK do 0 z -1761607680[0;37m
[1;31m [1,62]: otrzymałem GUN od 7[0;37m
[1;31m [1,62]: wysyłam GUN_NACK do 7 z -150994944[0;37m
[1;31m [1,64]: otrzymałem GUN_ACK od 8[0;37m
[0;31m [8,50]: otrzymałem ROLE_ACK od 3[0;37m
[0;31m [8,51]: otrzymałem GUN od 1[0;37m
[0;31m [8,51]: wysyłam GUN_ACK do 1 z -1761607680[0;37m
[0;31m [8,53]: otrzymałem GUN od 6[0;37m
[0;31m [8,53]: wysyłam GUN_ACK do 6 z -687865856[0;37m
[0;31m [8,59]: otrzymałem GUN od 7[0;37m
[0;31m [8,59]: wysyłam GUN_ACK do 7 z -150994944[0;37m
[0;31m [8,61]: otrzymałem GUN od 0[0;37m
[1;37m [0,58]: otrzymałem PAIR_ACK od 3[0;37m
[1;37m [0,58]: przechodzę do stanu WAIT_GUN[0;37m
[1;37m [0,58]: wysyłam GUN do 1 z -1761607680[0;37m
[1;37m [0,58]: wysyłam GUN do 6 z -1761607680[0;37m
[1;37m [0,58]: wysyłam GUN do 7 z -1761607680[0;37m
[1;37m [0,58]: wysyłam GUN do 8 z -1761607680[0;37m
[1;37m [0,60]: otrzymałem GUN od 7[0;37m
[1;37m [0,60]: wysyłam GUN_NACK do 7 z -150994944[0;37m
[1;37m [0,62]: otrzymałem GUN_NACK od 6[0;37m
[1;36m [6,55]: otrzymałem GUN_ACK od 0[0;37m
[1;36m [6,56]: otrzymałem GUN_ACK od 7[0;37m
[1;36m [6,57]: otrzymałem GUN od 1[0;37m
[1;36m [6,57]: wysyłam GUN_ACK do 1 z -1761607680[0;37m
[1;36m [6,59]: otrzymałem GUN_NACK od 1[0;37m
[1;36m [6,60]: otrzymałem GUN od 0[0;37m
[1;36m [6,60]: wysyłam GUN_NACK do 0 z -1761607680[0;37m
[1;36m [6,62]: otrzymałem GUN od 7[0;37m
[1;36m [6,62]: wysyłam GUN_NACK do 7 z -150994944[0;37m
[1;36m [6,64]: otrzymałem GUN_ACK od 8[0;37m
[0;32m [9,53]: otrzymałem PAIR od 7[0;37m
[0;32m [9,53]: wysyłam PAIR_ACK do 7 z 117440512[0;37m
[0;32m [9,54]: przechodzę do stanu ROLLING[0;37m
[0;37m [7,58]: wysyłam GUN do 1 z -150994944[0;37m
[0;37m [7,58]: wysyłam GUN do 0 z -150994944[0;37m
[0;37m [7,58]: wysyłam GUN do 6 z -150994944[0;37m
[0;37m [7,58]: wysyłam GUN do 8 z -150994944[0;37m
[0;37m [7,60]: otrzymałem GUN od 0[0;37m
[0;37m [7,60]: wysyłam GUN_ACK do 0 z -1761607680[0;37m
[0;37m [7,63]: otrzymałem GUN_NACK od 6[0;37m
[0;37m [7,64]: otrzymałem GUN_ACK od 8[0;37m
[1;31m [1,64]: przechodzę do stanu ROLLING[0;37m
[1;31m [1,64]: wysyłam ROLL do 2 z 1152905056[0;37m
[1;31m [1,65]: wysyłam RELEASE do 0 z 1152905056[0;37m
[1;31m [1,65]: wysyłam RELEASE do 6 z 1152905056[0;37m
[1;31m [1,65]: wysyłam RELEASE do 7 z 1152905056[0;37m
[1;31m [1,65]: wysyłam RELEASE do 8 z 1152905056[0;37m
[1;31m [1,67]: otrzymałem ROLL od 2[0;37m
[1;31m [1,67]: przechodzę do stanu WAIT_END[0;37m
[0;31m [8,61]: wysyłam GUN_ACK do 0 z -1761607680[0;37m
[0;31m [8,61]: pairing: size2: 5 myId: 4 pairId: 9[0;37m
[0;31m [8,62]: wysyłam PAIR do 5 z 536870912[0;37m
[0;31m [8,63]: przechodzę do stanu WAIT_PAIR[0;37m
[1;37m [0,63]: otrzymałem GUN_NACK od 1[0;37m
[1;37m [0,64]: otrzymałem GUN_ACK od 7[0;37m
[1;37m [0,65]: otrzymałem GUN_ACK od 8[0;37m
[1;37m [0,66]: otrzymałem RELEASE od 1[0;37m
[1;36m [6,66]: otrzymałem RELEASE od 1[0;37m
[1;36m [6,66]: przechodzę do stanu ROLLING[0;37m
[1;36m [6,66]: wysyłam ROLL do 4 z 2039838[0;37m
[1;36m [6,67]: wysyłam RELEASE do 1 z 2039838[0;37m
[1;36m [6,67]: wysyłam RELEASE do 0 z 2039838[0;37m
[1;35m [5,63]: otrzymałem PAIR od 8[0;37m
[1;35m [5,63]: wysyłam PAIR_ACK do 8 z 1996488704[0;37m
[1;35m [5,64]: przechodzę do stanu ROLLING[0;37m
[0;37m [7,65]: otrzymałem GUN_NACK od 1[0;37m
[0;37m [7,66]: otrzymałem GUN_NACK od 0[0;37m
[0;37m [7,67]: otrzymałem RELEASE od 1[0;37m
[1;32m [2,65]: otrzymałem ROLL od 1[0;37m
[1;32m [2,65]: wysyłam ROLL do 1 z 187451732[0;37m
[1;32m [2,66]: przechodzę do stanu WAIT_END[0;37m
[1;31m [1,68]: otrzymałem RELEASE od 6[0;37m
[1;31m [1,68]: wysyłam END do 2 z 0[0;37m
[1;31m [1,70]: otrzymałem RELEASE od 0[0;37m
[0;31m [8,66]: otrzymałem RELEASE od 1[0;37m
[0;31m [8,67]: otrzymałem PAIR_ACK od 5[0;37m
[0;31m [8,67]: przechodzę do stanu WAIT_GUN[0;37m
[0;31m [8,68]: otrzymałem RELEASE od 6[0;37m
[0;31m [8,68]: wysyłam GUN do 1 z 654311424[0;37m
[0;31m [8,68]: wysyłam GUN do 0 z 654311424[0;37m
[1;37m [0,68]: otrzymałem RELEASE od 6[0;37m
[1;37m [0,68]: przechodzę do stanu ROLLING[0;37m
[1;37m [0,68]: wysyłam ROLL do 3 z 846930886[0;37m
[1;37m [0,69]: wysyłam RELEASE do 1 z 846930886[0;37m
[1;37m [0,69]: wysyłam RELEASE do 6 z 846930886[0;37m
[1;37m [0,69]: wysyłam RELEASE do 7 z 846930886[0;37m
[1;37m [0,69]: wysyłam RELEASE do 8 z 846930886[0;37m
[1;36m [6,67]: wysyłam RELEASE do 7 z 2039838[0;37m
[1;36m [6,67]: wysyłam RELEASE do 8 z 2039838[0;37m
[1;36m [6,69]: otrzymałem ROLL od 4[0;37m
[1;36m [6,69]: przechodzę do stanu WAIT_END[0;37m
[1;36m [6,70]: otrzymałem RELEASE od 0[0;37m
[1;34m [4,67]: otrzymałem ROLL od 6[0;37m
[1;34m [4,67]: wysyłam ROLL do 6 z 1510424415[0;37m
[1;34m [4,68]: przechodzę do stanu WAIT_END[0;37m
[1;32m [2,69]: otrzymałem END od 1[0;37m
[1;32m [2,69]: wysyłam END do 3 z 0[0;37m
[0;37m [7,68]: otrzymałem RELEASE od 6[0;37m
[0;37m [7,70]: otrzymałem RELEASE od 0[0;37m
[0;37m [7,70]: przechodzę do stanu ROLLING[0;37m
[0;37m [7,70]: wysyłam ROLL do 9 z 126639061[0;37m
[0;37m [7,71]: wysyłam RELEASE do 1 z 126639061[0;37m
[1;37m [0,71]: otrzymałem GUN od 8[0;37m
[1;37m [0,71]: wysyłam GUN_ACK do 8 z 654311424[0;37m
[1;37m [0,73]: otrzymałem ROLL od 3[0;37m
[1;37m [0,73]: przechodzę do stanu WAIT_END[0;37m
[1;37m [0,74]: otrzymałem RELEASE od 7[0;37m
[1;33m [3,69]: otrzymałem ROLL od 0[0;37m
[1;33m [3,69]: wysyłam ROLL do 0 z 324096435[0;37m
[1;33m [3,70]: przechodzę do stanu WAIT_END[0;37m
[1;33m [3,71]: otrzymałem END od 2[0;37m
[1;33m [3,71]: wysyłam END do 4 z 0[0;37m
[1;36m [6,71]: otrzymałem GUN od 8[0;37m
[1;36m [6,71]: wysyłam GUN_ACK do 8 z 654311424[0;37m
[1;36m [6,73]: otrzymałem RELEASE od 7[0;37m
[0;37m [7,71]: wysyłam RELEASE do 0 z 126639061[0;37m
[0;37m [7,71]: wysyłam RELEASE do 6 z 126639061[0;37m
[0;37m [7,71]: wysyłam RELEASE do 8 z 126639061[0;37m
[0;32m [9,71]: otrzymałem ROLL od 7[0;37m
[0;32m [9,71]: wysyłam ROLL do 7 z 1453064515[0;37m
[0;32m [9,72]: przechodzę do stanu WAIT_END[0;37m
[1;31m [1,71]: otrzymałem GUN od 8[0;37m
[1;31m [1,71]: wysyłam GUN_ACK do 8 z 654311424[0;37m
[1;31m [1,73]: otrzymałem RELEASE od 7[0;37m
[0;31m [8,68]: wysyłam GUN do 6 z 654311424[0;37m
[0;31m [8,68]: wysyłam GUN do 7 z 654311424[0;37m
[0;31m [8,70]: otrzymałem RELEASE od 0[0;37m
[0;31m [8,72]: otrzymałem GUN_ACK od 6[0;37m
[1;35m [5,73]: otrzymałem END od 4[0;37m
[1;35m [5,73]: wysyłam END do 1 z -1[0;37m
[1;35m [5,74]: bcs state: ROLLING[0;37m
[1;34m [4,72]: otrzymałem END od 3[0;37m
[1;34m [4,72]: wysyłam END do 5 z 0[0;37m
[1;31m [1,74]: otrzymałem END od 5[0;37m
[0;31m [8,73]: otrzymałem RELEASE od 7[0;37m
[0;31m [8,74]: otrzymałem GUN_ACK od 0[0;37m
[0;31m [8,75]: otrzymałem GUN_ACK od 1[0;37m
[0;31m [8,76]: otrzymałem GUN_ACK od 7[0;37m
[0;31m [8,76]: przechodzę do stanu ROLLING[0;37m
[0;37m [7,73]: otrzymałem GUN od 8[0;37m
[0;37m [7,73]: wysyłam GUN_ACK do 8 z 654311424[0;37m
[0;37m [7,75]: otrzymałem ROLL od 9[0;37m
[0;37m [7,75]: przechodzę do stanu WAIT_END[0;37m
[1;35m [5,77]: otrzymałem ROLL od 8[0;37m
[1;35m [5,77]: wysyłam ROLL do 8 z 2030577025[0;37m
[1;35m [5,78]: przechodzę do stanu WAIT_END[0;37m
[1;36m [6,78]: otrzymałem RELEASE od 8[0;37m
[1;37m [0,78]: otrzymałem RELEASE od 8[0;37m
[0;37m [7,78]: otrzymałem RELEASE od 8[0;37m
[0;31m [8,76]: wysyłam ROLL do 5 z 1331802736[0;37m
[0;31m [8,77]: wysyłam RELEASE do 1 z 1331802736[0;37m
[0;31m [8,77]: wysyłam RELEASE do 0 z 1331802736[0;37m
[0;31m [8,77]: wysyłam RELEASE do 6 z 1331802736[0;37m
[0;31m [8,77]: wysyłam RELEASE do 7 z 1331802736[0;37m
[0;31m [8,79]: otrzymałem ROLL od 5[0;37m
[0;31m [8,79]: przechodzę do stanu WAIT_END[0;37m
[1;31m [1,74]: wysyłam END do 2 z 0[0;37m
[1;31m [1,78]: otrzymałem RELEASE od 8[0;37m
[1;33m [3,76]: otrzymałem END od 2[0;37m
[1;33m [3,76]: wysyłam END do 4 z 0[0;37m
[1;32m [2,75]: otrzymałem END od 1[0;37m
[1;32m [2,75]: wysyłam END do 3 z 0[0;37m
[1;34m [4,77]: otrzymałem END od 3[0;37m
[1;34m [4,77]: wysyłam END do 5 z 0[0;37m
[1;35m [5,79]: otrzymałem END od 4[0;37m
[1;35m [5,79]: wysyłam END do 6 z 0[0;37m
[1;36m [6,80]: otrzymałem END od 5[0;37m
[1;36m [6,80]: wysyłam END do 7 z 0[0;37m
[0;37m [7,81]: otrzymałem END od 6[0;37m
[0;37m [7,81]: wysyłam END do 8 z 0[0;37m
[0;31m [8,82]: otrzymałem END od 7[0;37m
[0;31m [8,82]: wysyłam END do 9 z 0[0;37m
[1;31m [1,85]: otrzymałem END od 0[0;37m
[1;31m [1,85]: wysyłam END do 2 z 1[0;37m
[1;37m [0,84]: otrzymałem END od 9[0;37m
[1;37m [0,84]: wysyłam END do 1 z 0[0;37m
[0;32m [9,83]: otrzymałem END od 8[0;37m
[0;32m [9,83]: wysyłam END do 0 z 0[0;37m
[1;32m [2,86]: otrzymałem END od 1[0;37m
[1;32m [2,86]: przesyłam dalej[0;37m
[1;32m [2,86]: wysyłam END do 3 z 2[0;37m
[1;32m [2,87]: przechodzę do stanu FINISHED[0;37m
[1;33m [3,87]: otrzymałem END od 2[0;37m
[1;33m [3,87]: przesyłam dalej[0;37m
[1;33m [3,87]: wysyłam END do 4 z 3[0;37m
[1;33m [3,88]: przechodzę do stanu FINISHED[0;37m
[1;34m [4,88]: otrzymałem END od 3[0;37m
[1;34m [4,88]: przesyłam dalej[0;37m
[1;32m [2,87]: przechodzę do stanu INIT[0;37m
[1;32m [2,87]: przechodzę do stanu WAIT_ROLE[0;37m
[1;32m [2,87]: wysyłam ROLE do 0 z 1728053248[0;37m
[1;32m [2,87]: wysyłam ROLE do 1 z 1728053248[0;37m
[1;31m [1,88]: otrzymałem ROLE od 2[0;37m
[1;31m [1,88]: wysyłam ROLE_ACK do 2 z 1728053248[0;37m
[1;37m [0,88]: otrzymałem ROLE od 2[0;37m
[1;37m [0,88]: wysyłam ROLE_ACK do 2 z 1728053248[0;37m
[1;37m [0,90]: otrzymałem ROLE od 3[0;37m
[1;37m [0,90]: wysyłam ROLE_ACK do 3 z -687865856[0;37m
[1;33m [3,88]: przechodzę do stanu INIT[0;37m
[1;33m [3,88]: przechodzę do stanu WAIT_ROLE[0;37m
[1;33m [3,88]: wysyłam ROLE do 0 z -687865856[0;37m
[1;33m [3,88]: wysyłam ROLE do 1 z -687865856[0;37m
[1;33m [3,88]: wysyłam ROLE do 2 z -687865856[0;37m
[1;33m [3,88]: wysyłam ROLE do 4 z -687865856[0;37m
[1;33m [3,88]: wysyłam ROLE do 5 z -687865856[0;37m
[1;35m [5,89]: otrzymałem END od 4[0;37m
[1;35m [5,89]: przesyłam dalej[0;37m
[1;35m [5,89]: wysyłam END do 6 z 5[0;37m
[1;35m [5,90]: przechodzę do stanu FINISHED[0;37m
[1;35m [5,91]: otrzymałem ROLE od 2[0;37m
[1;35m [5,91]: wysyłam ROLE_ACK do 2 z 1728053248[0;37m
[1;32m [2,87]: wysyłam ROLE do 3 z 1728053248[0;37m
[1;32m [2,87]: wysyłam ROLE do 4 z 1728053248[0;37m
[1;32m [2,87]: wysyłam ROLE do 5 z 1728053248[0;37m
[1;32m [2,87]: wysyłam ROLE do 6 z 1728053248[0;37m
[1;34m [4,88]: wysyłam END do 5 z 4[0;37m
[1;34m [4,89]: przechodzę do stanu FINISHED[0;37m
[1;34m [4,89]: przechodzę do stanu INIT[0;37m
[1;33m [3,88]: wysyłam ROLE do 6 z -687865856[0;37m
[1;33m [3,88]: wysyłam ROLE do 7 z -687865856[0;37m
[1;33m [3,88]: wysyłam ROLE do 8 z -687865856[0;37m
[1;33m [3,88]: wysyłam ROLE do 9 z -687865856[0;37m
[0;31m [8,88]: otrzymałem ROLE od 2[0;37m
[0;31m [8,88]: wysyłam ROLE_ACK do 2 z 1728053248[0;37m
[0;31m [8,90]: otrzymałem ROLE od 3[0;37m
[0;31m [8,90]: wysyłam ROLE_ACK do 3 z -687865856[0;37m
[1;34m [4,90]: przechodzę do stanu WAIT_ROLE[0;37m
[1;34m [4,90]: wysyłam ROLE do 0 z 922746880[0;37m
[1;34m [4,90]: otrzymałem ROLE od 2[0;37m
[1;34m [4,90]: wysyłam ROLE do 1 z 922746880[0;37m
[1;34m [4,90]: wysyłam ROLE do 2 z 922746880[0;37m
[1;34m [4,90]: wysyłam ROLE do 3 z 922746880[0;37m
[1;34m [4,90]: wysyłam ROLE do 5 z 922746880[0;37m
[1;34m [4,90]: wysyłam ROLE do 6 z 922746880[0;37m
[1;34m [4,90]: wysyłam ROLE do 7 z 922746880[0;37m
[1;34m [4,90]: wysyłam ROLE do 8 z 922746880[0;37m
[1;36m [6,90]: otrzymałem END od 5[0;37m
[1;36m [6,90]: przesyłam dalej[0;37m
[1;36m [6,90]: wysyłam END do 7 z 6[0;37m
[1;36m [6,91]: przechodzę do stanu FINISHED[0;37m
[1;36m [6,92]: otrzymałem ROLE od 2[0;37m
[1;36m [6,92]: wysyłam ROLE_ACK do 2 z 1728053248[0;37m
[1;36m [6,94]: otrzymałem ROLE od 3[0;37m
[1;36m [6,94]: wysyłam ROLE_ACK do 3 z -687865856[0;37m
[1;36m [6,96]: otrzymałem ROLE od 4[0;37m
[1;36m [6,96]: wysyłam ROLE_ACK do 4 z 922746880[0;37m
[1;32m [2,87]: wysyłam ROLE do 7 z 1728053248[0;37m
[1;32m [2,87]: wysyłam ROLE do 8 z 1728053248[0;37m
[1;32m [2,87]: wysyłam ROLE do 9 z 1728053248[0;37m
[1;32m [2,89]: otrzymałem ROLE_ACK od 0[0;37m
[0;37m [7,88]: otrzymałem ROLE od 2[0;37m
[0;37m [7,88]: wysyłam ROLE_ACK do 2 z 1728053248[0;37m
[0;37m [7,90]: otrzymałem ROLE od 3[0;37m
[0;37m [7,90]: wysyłam ROLE_ACK do 3 z -687865856[0;37m
[0;37m [7,92]: otrzymałem END od 6[0;37m
[0;37m [7,92]: przesyłam dalej[0;37m
[0;37m [7,92]: wysyłam END do 8 z 7[0;37m
[0;37m [7,93]: przechodzę do stanu FINISHED[0;37m
[1;35m [5,91]: przechodzę do stanu INIT[0;37m
[1;35m [5,93]: przechodzę do stanu WAIT_ROLE[0;37m
[1;35m [5,93]: wysyłam ROLE do 0 z 1996488704[0;37m
[1;35m [5,93]: wysyłam ROLE do 1 z 1996488704[0;37m
[1;35m [5,93]: wysyłam ROLE do 2 z 1996488704[0;37m
[1;35m [5,93]: wysyłam ROLE do 3 z 1996488704[0;37m
[1;31m [1,90]: otrzymałem ROLE od 3[0;37m
[1;31m [1,90]: wysyłam ROLE_ACK do 3 z -687865856[0;37m
[1;31m [1,92]: otrzymałem ROLE od 4[0;37m
[1;31m [1,92]: wysyłam ROLE_ACK do 4 z 922746880[0;37m
[1;31m [1,94]: otrzymałem ROLE od 5[0;37m
[1;31m [1,94]: wysyłam ROLE_ACK do 5 z 1996488704[0;37m
[0;32m [9,88]: otrzymałem ROLE od 2[0;37m
[0;32m [9,88]: wysyłam ROLE_ACK do 2 z 1728053248[0;37m
[0;32m [9,90]: otrzymałem ROLE od 3[0;37m
[0;32m [9,90]: wysyłam ROLE_ACK do 3 z -687865856[0;37m
[0;32m [9,92]: otrzymałem ROLE od 4[0;37m
[0;32m [9,92]: wysyłam ROLE_ACK do 4 z 922746880[0;37m
[1;37m [0,92]: otrzymałem ROLE od 4[0;37m
[1;37m [0,92]: wysyłam ROLE_ACK do 4 z 922746880[0;37m
[1;37m [0,94]: otrzymałem ROLE od 5[0;37m
[1;37m [0,94]: wysyłam ROLE_ACK do 5 z 1996488704[0;37m
[1;34m [4,90]: wysyłam ROLE do 9 z 922746880[0;37m
[1;36m [6,96]: przechodzę do stanu INIT[0;37m
[1;36m [6,97]: przechodzę do stanu WAIT_ROLE[0;37m
[1;36m [6,97]: wysyłam ROLE do 0 z 2039838[0;37m
[1;36m [6,97]: wysyłam ROLE do 1 z 2039838[0;37m
[1;36m [6,97]: wysyłam ROLE do 2 z 2039838[0;37m
[1;32m [2,90]: otrzymałem ROLE_ACK od 1[0;37m
[1;32m [2,91]: otrzymałem ROLE_ACK od 9[0;37m
[1;32m [2,92]: otrzymałem ROLE od 3[0;37m
[1;32m [2,92]: wysyłam ROLE_NACK do 3 z -687865856[0;37m
[1;32m [2,94]: otrzymałem ROLE od 4[0;37m
[1;32m [2,94]: wysyłam ROLE_NACK do 4 z 922746880[0;37m
[0;37m [7,94]: otrzymałem ROLE od 4[0;37m
[0;37m [7,94]: wysyłam ROLE_ACK do 4 z 922746880[0;37m
[0;37m [7,94]: przechodzę do stanu INIT[0;37m
[0;37m [7,95]: przechodzę do stanu WAIT_ROLE[0;37m
[0;37m [7,95]: wysyłam ROLE do 0 z 126639061[0;37m
[0;37m [7,95]: wysyłam ROLE do 1 z 126639061[0;37m
[0;37m [7,95]: wysyłam ROLE do 2 z 126639061[0;37m
[0;37m [7,95]: wysyłam ROLE do 3 z 126639061[0;37m
[0;37m [7,95]: wysyłam ROLE do 4 z 126639061[0;37m
[0;37m [7,95]: wysyłam ROLE do 5 z 126639061[0;37m
[1;35m [5,93]: wysyłam ROLE do 4 z 1996488704[0;37m
[1;35m [5,93]: wysyłam ROLE do 6 z 1996488704[0;37m
[1;35m [5,93]: wysyłam ROLE do 7 z 1996488704[0;37m
[1;35m [5,93]: wysyłam ROLE do 8 z 1996488704[0;37m
[1;35m [5,93]: wysyłam ROLE do 9 z 1996488704[0;37m
[1;35m [5,93]: otrzymałem ROLE od 3[0;37m
[1;35m [5,94]: wysyłam ROLE_ACK do 3 z -687865856[0;37m
[1;35m [5,96]: otrzymałem ROLE od 4[0;37m
[1;31m [1,96]: otrzymałem ROLE od 7[0;37m
[1;31m [1,96]: wysyłam ROLE_ACK do 7 z 126639061[0;37m
[1;31m [1,98]: otrzymałem END od 0[0;37m
[1;31m [1,98]: przechodzę do stanu FINISHED[0;37m
[0;32m [9,95]: otrzymałem END od 8[0;37m
[0;32m [9,95]: przesyłam dalej[0;37m
[0;32m [9,95]: wysyłam END do 0 z 9[0;37m
[0;32m [9,96]: przechodzę do stanu FINISHED[0;37m
[0;31m [8,92]: otrzymałem ROLE od 4[0;37m
[0;31m [8,92]: wysyłam ROLE_ACK do 4 z 922746880[0;37m
[0;31m [8,94]: otrzymałem END od 7[0;37m
[0;31m [8,94]: przesyłam dalej[0;37m
[0;31m [8,94]: wysyłam END do 9 z 8[0;37m
[0;31m [8,95]: przechodzę do stanu FINISHED[0;37m
[0;31m [8,95]: przechodzę do stanu INIT[0;37m
[0;31m [8,95]: przechodzę do stanu WAIT_ROLE[0;37m
[0;31m [8,96]: wysyłam ROLE do 0 z 1331802736[0;37m
[0;31m [8,96]: wysyłam ROLE do 1 z 1331802736[0;37m
[0;31m [8,96]: wysyłam ROLE do 2 z 1331802736[0;37m
[1;33m [3,90]: otrzymałem ROLE od 2[0;37m
[1;33m [3,90]: wysyłam ROLE_ACK do 2 z 1728053248[0;37m
[1;33m [3,92]: otrzymałem ROLE_ACK od 0[0;37m
[1;33m [3,93]: otrzymałem ROLE od 4[0;37m
[1;33m [3,93]: wysyłam ROLE_NACK do 4 z 922746880[0;37m
[1;33m [3,95]: otrzymałem ROLE od 5[0;37m
[1;33m [3,95]: wysyłam ROLE_NACK do 5 z 1996488704[0;37m
[1;33m [3,97]: otrzymałem ROLE_ACK od 6[0;37m
[1;33m [3,98]: otrzymałem ROLE_ACK od 7[0;37m
[1;33m [3,99]: otrzymałem ROLE_ACK od 8[0;37m
[1;33m [3,100]: otrzymałem ROLE_ACK od 9[0;37m
[1;33m [3,101]: otrzymałem ROLE_ACK od 1[0;37m
[1;33m [3,102]: otrzymałem ROLE_NACK od 2[0;37m
[1;37m [0,96]: otrzymałem END od 9[0;37m
[1;37m [0,96]: przesyłam dalej[0;37m
[1;37m [0,96]: wysyłam END do 1 z 10[0;37m
[1;37m [0,97]: przechodzę do stanu FINISHED[0;37m
[1;37m [0,98]: otrzymałem ROLE od 7[0;37m
[1;37m [0,98]: wysyłam ROLE_ACK do 7 z 126639061[0;37m
[1;37m [0,100]: otrzymałem ROLE od 8[0;37m
[1;37m [0,100]: wysyłam ROLE_ACK do 8 z 1331802736[0;37m
[1;37m [0,102]: otrzymałem ROLE od 6[0;37m
[1;33m [3,103]: otrzymałem ROLE od 7[0;37m
[1;33m [3,103]: wysyłam ROLE_NACK do 7 z 126639061[0;37m
[1;33m [3,105]: otrzymałem ROLE_ACK od 5[0;37m
[1;33m [3,106]: otrzymałem ROLE od 6[0;37m
[1;33m [3,106]: wysyłam ROLE_NACK do 6 z 2039838[0;37m
[1;34m [4,91]: wysyłam ROLE_ACK do 2 z 1728053248[0;37m
[1;36m [6,97]: wysyłam ROLE do 3 z 2039838[0;37m
[1;36m [6,97]: wysyłam ROLE do 4 z 2039838[0;37m
[1;36m [6,97]: wysyłam ROLE do 5 z 2039838[0;37m
[1;36m [6,97]: wysyłam ROLE do 7 z 2039838[0;37m
[1;36m [6,97]: wysyłam ROLE do 8 z 2039838[0;37m
[1;36m [6,97]: wysyłam ROLE do 9 z 2039838[0;37m
[1;32m [2,96]: otrzymałem ROLE_ACK od 5[0;37m
[1;32m [2,97]: otrzymałem ROLE_ACK od 6[0;37m
[1;32m [2,98]: otrzymałem ROLE_ACK od 7[0;37m
[1;32m [2,99]: otrzymałem ROLE_ACK od 8[0;37m
[1;32m [2,100]: otrzymałem ROLE_ACK od 3[0;37m
[1;32m [2,101]: otrzymałem ROLE od 5[0;37m
[1;32m [2,101]: wysyłam ROLE_NACK do 5 z 1996488704[0;37m
[1;32m [2,103]: otrzymałem ROLE od 7[0;37m
[1;32m [2,103]: wysyłam ROLE_NACK do 7 z 126639061[0;37m
[1;32m [2,105]: otrzymałem ROLE od 6[0;37m
[1;32m [2,105]: wysyłam ROLE_NACK do 6 z 2039838[0;37m
[1;32m [2,107]: otrzymałem ROLE_ACK od 4[0;37m
[1;32m [2,108]: otrzymałem ROLE od 9[0;37m
[1;32m [2,108]: wysyłam ROLE_NACK do 9 z 117440512[0;37m
[1;32m [2,110]: otrzymałem ROLE od 8[0;37m
[1;32m [2,110]: wysyłam ROLE_NACK do 8 z 1331802736[0;37m
[0;37m [7,95]: wysyłam ROLE do 6 z 126639061[0;37m
[0;37m [7,95]: wysyłam ROLE do 8 z 126639061[0;37m
[0;37m [7,95]: wysyłam ROLE do 9 z 126639061[0;37m
[0;37m [7,97]: otrzymałem ROLE od 5[0;37m
[0;37m [7,97]: wysyłam ROLE_ACK do 5 z 1996488704[0;37m
[0;37m [7,99]: otrzymałem ROLE_ACK od 1[0;37m
[0;37m [7,100]: otrzymałem ROLE_ACK od 0[0;37m
[0;37m [7,104]: otrzymałem ROLE_NACK od 2[0;37m
[1;35m [5,96]: wysyłam ROLE_ACK do 4 z 922746880[0;37m
[1;35m [5,98]: otrzymałem ROLE_ACK od 9[0;37m
[1;35m [5,99]: otrzymałem ROLE_ACK od 0[0;37m
[1;35m [5,100]: otrzymałem ROLE_ACK od 1[0;37m
[1;35m [5,101]: otrzymałem ROLE_NACK od 3[0;37m
[1;35m [5,102]: otrzymałem ROLE od 7[0;37m
[1;35m [5,102]: wysyłam ROLE_NACK do 7 z 126639061[0;37m
[1;35m [5,104]: otrzymałem ROLE_NACK od 2[0;37m
[1;35m [5,105]: otrzymałem ROLE od 8[0;37m
[1;31m [1,99]: otrzymałem ROLE od 6[0;37m
[1;31m [1,99]: wysyłam ROLE_ACK do 6 z 2039838[0;37m
[1;31m [1,101]: otrzymałem ROLE od 8[0;37m
[1;31m [1,101]: wysyłam ROLE_ACK do 8 z 1331802736[0;37m
[1;31m [1,103]: otrzymałem ROLE od 9[0;37m
[1;31m [1,103]: wysyłam ROLE_ACK do 9 z 117440512[0;37m
[1;31m [1,104]: przechodzę do stanu INIT[0;37m
[0;32m [9,97]: otrzymałem ROLE od 5[0;37m
[0;32m [9,97]: wysyłam ROLE_ACK do 5 z 1996488704[0;37m
[0;32m [9,97]: przechodzę do stanu INIT[0;37m
[0;32m [9,98]: przechodzę do stanu WAIT_ROLE[0;37m
[0;32m [9,98]: wysyłam ROLE do 0 z 117440512[0;37m
[0;32m [9,98]: wysyłam ROLE do 1 z 117440512[0;37m
[0;32m [9,98]: wysyłam ROLE do 2 z 117440512[0;37m
[0;32m [9,98]: wysyłam ROLE do 3 z 117440512[0;37m
[0;32m [9,98]: wysyłam ROLE do 4 z 117440512[0;37m
[0;32m [9,98]: wysyłam ROLE do 5 z 117440512[0;37m
[0;32m [9,98]: wysyłam ROLE do 6 z 117440512[0;37m
[0;32m [9,98]: wysyłam ROLE do 7 z 117440512[0;37m
[0;31m [8,96]: wysyłam ROLE do 3 z 1331802736[0;37m
[0;31m [8,96]: wysyłam ROLE do 4 z 1331802736[0;37m
[0;31m [8,96]: wysyłam ROLE do 5 z 1331802736[0;37m
[0;31m [8,96]: otrzymałem ROLE od 5[0;37m
[1;37m [0,102]: wysyłam ROLE_ACK do 6 z 2039838[0;37m
[1;37m [0,104]: otrzymałem ROLE od 9[0;37m
[1;37m [0,104]: wysyłam ROLE_ACK do 9 z 117440512[0;37m
[1;37m [0,102]: przechodzę do stanu INIT[0;37m
[1;37m [0,105]: przechodzę do stanu WAIT_ROLE[0;37m
[1;37m [0,105]: wysyłam ROLE do 1 z 846930886[0;37m
[1;37m [0,105]: wysyłam ROLE do 2 z 846930886[0;37m
[1;37m [0,105]: wysyłam ROLE do 3 z 846930886[0;37m
[1;37m [0,105]: wysyłam ROLE do 4 z 846930886[0;37m
[1;37m [0,105]: wysyłam ROLE do 5 z 846930886[0;37m
[1;37m [0,105]: wysyłam ROLE do 6 z 846930886[0;37m
[1;37m [0,105]: wysyłam ROLE do 7 z 846930886[0;37m
[1;37m [0,105]: wysyłam ROLE do 8 z 846930886[0;37m
[1;37m [0,105]: wysyłam ROLE do 9 z 846930886[0;37m
[1;33m [3,108]: otrzymałem ROLE od 9[0;37m
[1;33m [3,108]: wysyłam ROLE_NACK do 9 z 117440512[0;37m
[1;33m [3,110]: otrzymałem ROLE od 8[0;37m
[1;33m [3,110]: wysyłam ROLE_NACK do 8 z 1331802736[0;37m
[1;33m [3,112]: otrzymałem ROLE od 0[0;37m
[1;33m [3,112]: wysyłam ROLE_NACK do 0 z 846930886[0;37m
[1;33m [3,114]: otrzymałem ROLE_ACK od 4[0;37m
[1;33m [3,115]: otrzymałem ROLE od 1[0;37m
[1;33m [3,115]: wysyłam ROLE_NACK do 1 z 0[0;37m
[1;34m [4,93]: otrzymałem ROLE od 3[0;37m
[1;34m [4,93]: wysyłam ROLE_ACK do 3 z -687865856[0;37m
[1;34m [4,95]: otrzymałem ROLE_ACK od 7[0;37m
[1;34m [4,96]: otrzymałem ROLE_ACK od 8[0;37m
[1;34m [4,97]: otrzymałem ROLE_ACK od 9[0;37m
[1;34m [4,98]: otrzymałem ROLE_ACK od 0[0;37m
[1;32m [2,112]: otrzymałem ROLE od 0[0;37m
[1;32m [2,112]: wysyłam ROLE_NACK do 0 z 846930886[0;37m
[1;32m [2,114]: otrzymałem ROLE od 1[0;37m
[1;32m [2,114]: wysyłam ROLE_NACK do 1 z 0[0;37m
[1;32m [2,115]: pairing: size2: 5 myId: 0 pairId: 5[0;37m
[1;32m [2,115]: wysyłam PAIR do 8 z 536870912[0;37m
[0;37m [7,105]: otrzymałem ROLE_NACK od 3[0;37m
[0;37m [7,106]: otrzymałem ROLE od 6[0;37m
[0;37m [7,106]: wysyłam ROLE_NACK do 6 z 2039838[0;37m
[0;37m [7,108]: otrzymałem ROLE_NACK od 5[0;37m
[0;37m [7,109]: otrzymałem ROLE od 0[0;37m
[0;37m [7,109]: wysyłam ROLE_NACK do 0 z 846930886[0;37m
[0;37m [7,111]: otrzymałem ROLE od 9[0;37m
[0;37m [7,111]: wysyłam ROLE_NACK do 9 z 117440512[0;37m
[0;37m [7,113]: otrzymałem ROLE od 8[0;37m
[1;35m [5,105]: wysyłam ROLE_NACK do 8 z 1331802736[0;37m
[1;35m [5,107]: otrzymałem ROLE od 9[0;37m
[1;35m [5,107]: wysyłam ROLE_NACK do 9 z 117440512[0;37m
[1;35m [5,109]: otrzymałem ROLE od 6[0;37m
[1;35m [5,109]: wysyłam ROLE_NACK do 6 z 2039838[0;37m
[1;35m [5,111]: otrzymałem ROLE_ACK od 7[0;37m
[1;35m [5,112]: otrzymałem ROLE od 0[0;37m
[1;35m [5,112]: wysyłam ROLE_NACK do 0 z 846930886[0;37m
[1;31m [1,106]: przechodzę do stanu WAIT_ROLE[0;37m
[1;31m [1,106]: wysyłam ROLE do 0 z 0[0;37m
[1;31m [1,106]: wysyłam ROLE do 2 z 0[0;37m
[1;31m [1,106]: wysyłam ROLE do 3 z 0[0;37m
[1;31m [1,106]: wysyłam ROLE do 4 z 0[0;37m
[1;31m [1,106]: wysyłam ROLE do 5 z 0[0;37m
[1;31m [1,106]: otrzymałem ROLE od 0[0;37m
[0;32m [9,98]: wysyłam ROLE do 8 z 117440512[0;37m
[1;37m [0,113]: otrzymałem ROLE_NACK od 2[0;37m
[1;37m [0,114]: otrzymałem ROLE_NACK od 7[0;37m
[1;37m [0,115]: otrzymałem ROLE od 1[0;37m
[1;37m [0,115]: wysyłam ROLE_NACK do 1 z 0[0;37m
[1;37m [0,117]: otrzymałem ROLE_NACK od 3[0;37m
[0;31m [8,96]: wysyłam ROLE do 6 z 1331802736[0;37m
[0;31m [8,96]: wysyłam ROLE do 7 z 1331802736[0;37m
[0;31m [8,96]: wysyłam ROLE do 9 z 1331802736[0;37m
[0;31m [8,97]: wysyłam ROLE_ACK do 5 z 1996488704[0;37m
[1;37m [0,118]: otrzymałem ROLE_NACK od 5[0;37m
[0;32m [9,100]: otrzymałem ROLE od 7[0;37m
[0;32m [9,100]: wysyłam ROLE_ACK do 7 z 126639061[0;37m
[1;33m [3,116]: pairing: size2: 5 myId: 1 pairId: 6[0;37m
[1;33m [3,116]: wysyłam PAIR do 6 z 536870912[0;37m
[1;33m [3,117]: przechodzę do stanu WAIT_PAIR[0;37m
[1;34m [4,99]: otrzymałem ROLE_ACK od 1[0;37m
[1;34m [4,100]: otrzymałem ROLE_NACK od 2[0;37m
[1;34m [4,101]: otrzymałem ROLE_NACK od 3[0;37m
[1;34m [4,102]: otrzymałem ROLE od 5[0;37m
[1;34m [4,102]: wysyłam ROLE_NACK do 5 z 1996488704[0;37m
[1;34m [4,104]: otrzymałem ROLE_ACK od 6[0;37m
[1;34m [4,105]: otrzymałem ROLE od 7[0;37m
[1;34m [4,105]: wysyłam ROLE_NACK do 7 z 126639061[0;37m
[1;34m [4,107]: otrzymałem ROLE od 8[0;37m
[1;34m [4,107]: wysyłam ROLE_NACK do 8 z 1331802736[0;37m
[1;34m [4,109]: otrzymałem ROLE od 9[0;37m
[1;32m [2,116]: przechodzę do stanu WAIT_PAIR[0;37m
[0;37m [7,113]: wysyłam ROLE_NACK do 8 z 1331802736[0;37m
[0;37m [7,115]: otrzymałem ROLE_ACK od 9[0;37m
[0;37m [7,116]: otrzymałem ROLE od 1[0;37m
[0;37m [7,116]: wysyłam ROLE_NACK do 1 z 0[0;37m
[0;37m [7,118]: otrzymałem ROLE_NACK od 4[0;37m
[0;37m [7,119]: otrzymałem ROLE_ACK od 8[0;37m
[1;35m [5,114]: otrzymałem ROLE od 1[0;37m
[1;35m [5,114]: wysyłam ROLE_NACK do 1 z 0[0;37m
[1;35m [5,116]: otrzymałem ROLE_NACK od 4[0;37m
[1;35m [5,117]: otrzymałem ROLE_ACK od 8[0;37m
[1;31m [1,106]: wysyłam ROLE do 6 z 0[0;37m
[1;31m [1,106]: wysyłam ROLE do 7 z 0[0;37m
[1;31m [1,106]: wysyłam ROLE do 8 z 0[0;37m
[1;31m [1,106]: wysyłam ROLE do 9 z 0[0;37m
[1;31m [1,107]: wysyłam ROLE_ACK do 0 z 846930886[0;37m
[1;31m [1,115]: otrzymałem ROLE_NACK od 2[0;37m
[1;31m [1,116]: otrzymałem ROLE_NACK od 0[0;37m
[0;31m [8,99]: otrzymałem ROLE od 7[0;37m
[0;31m [8,99]: wysyłam ROLE_ACK do 7 z 126639061[0;37m
[0;31m [8,111]: otrzymałem ROLE_NACK od 2[0;37m
[0;31m [8,112]: otrzymałem ROLE_NACK od 3[0;37m
[0;31m [8,113]: otrzymałem ROLE_NACK od 5[0;37m
[0;31m [8,114]: otrzymałem ROLE od 6[0;37m
[0;31m [8,114]: wysyłam ROLE_NACK do 6 z 2039838[0;37m
[0;31m [8,116]: otrzymałem ROLE_NACK od 7[0;37m
[0;31m [8,117]: otrzymałem ROLE od 9[0;37m
[1;31m [1,117]: otrzymałem ROLE_NACK od 3[0;37m
[1;31m [1,118]: otrzymałem ROLE_NACK od 5[0;37m
[1;31m [1,119]: otrzymałem ROLE_NACK od 7[0;37m
[1;31m [1,120]: otrzymałem ROLE_NACK od 4[0;37m
[1;37m [0,119]: otrzymałem ROLE_ACK od 1[0;37m
[1;37m [0,120]: otrzymałem ROLE_NACK od 4[0;37m
[1;37m [0,124]: otrzymałem ROLE_NACK od 8[0;37m
[0;32m [9,102]: otrzymałem ROLE od 6[0;37m
[0;32m [9,102]: wysyłam ROLE_ACK do 6 z 2039838[0;37m
[0;32m [9,105]: otrzymałem ROLE_ACK od 0[0;37m
[0;32m [9,106]: otrzymałem ROLE_ACK od 1[0;37m
[1;34m [4,109]: wysyłam ROLE_NACK do 9 z 117440512[0;37m
[1;34m [4,111]: otrzymałem ROLE_ACK od 5[0;37m
[1;34m [4,112]: otrzymałem ROLE od 6[0;37m
[1;34m [4,112]: wysyłam ROLE_NACK do 6 z 2039838[0;37m
[1;34m [4,114]: otrzymałem ROLE od 0[0;37m
[1;34m [4,114]: wysyłam ROLE_NACK do 0 z 846930886[0;37m
[1;34m [4,116]: otrzymałem ROLE od 1[0;37m
[1;34m [4,116]: wysyłam ROLE_NACK do 1 z 0[0;37m
[1;34m [4,117]: pairing: size2: 5 myId: 2 pairId: 7[0;37m
[1;34m [4,117]: wysyłam PAIR do 9 z 536870912[0;37m
[1;34m [4,118]: przechodzę do stanu WAIT_PAIR[0;37m
[1;32m [2,122]: otrzymałem PAIR_NACK od 8[0;37m
[1;32m [2,122]: wysyłam PAIR do 8 z 1728053248[0;37m
[1;32m [2,128]: otrzymałem PAIR_NACK od 8[0;37m
[1;32m [2,128]: wysyłam PAIR do 8 z 1728053248[0;37m
[0;31m [8,117]: wysyłam ROLE_NACK do 9 z 117440512[0;37m
[0;31m [8,119]: otrzymałem ROLE_ACK od 0[0;37m
[0;31m [8,120]: otrzymałem ROLE_ACK od 1[0;37m
[0;31m [8,121]: otrzymałem PAIR od 2[0;37m
[0;31m [8,121]: wysyłam PAIR_NACK do 2 z 654311424[0;37m
[0;31m [8,123]: otrzymałem ROLE od 0[0;37m
[0;31m [8,123]: wysyłam ROLE_NACK do 0 z 846930886[0;37m
[0;31m [8,125]: otrzymałem ROLE od 1[0;37m
[0;31m [8,125]: wysyłam ROLE_NACK do 1 z 0[0;37m
[0;31m [8,127]: otrzymałem PAIR od 2[0;37m
[0;31m [8,127]: wysyłam PAIR_NACK do 2 z 654311424[0;37m
[0;31m [8,129]: otrzymałem ROLE_NACK od 4[0;37m
[1;35m [5,118]: otrzymałem ROLE_ACK od 6[0;37m
[1;35m [5,118]: pairing: size2: 5 myId: 3 pairId: 8[0;37m
[1;35m [5,118]: wysyłam PAIR do 0 z 536870912[0;37m
[1;35m [5,119]: przechodzę do stanu WAIT_PAIR[0;37m
[1;35m [5,126]: otrzymałem PAIR_NACK od 0[0;37m
[1;35m [5,126]: wysyłam PAIR do 0 z 1308622848[0;37m
[0;31m [8,130]: otrzymałem PAIR od 2[0;37m
[0;31m [8,130]: wysyłam PAIR_NACK do 2 z 654311424[0;37m
[0;31m [8,132]: otrzymałem PAIR od 2[0;37m
[0;31m [8,132]: wysyłam PAIR_NACK do 2 z 654311424[0;37m
[0;31m [8,134]: otrzymałem ROLE_ACK od 9[0;37m
[1;32m [2,131]: otrzymałem PAIR_NACK od 8[0;37m
[1;32m [2,131]: wysyłam PAIR do 8 z 1728053248[0;37m
[1;32m [2,133]: otrzymałem PAIR_NACK od 8[0;37m
[1;32m [2,133]: wysyłam PAIR do 8 z 1728053248[0;37m
[1;31m [1,126]: otrzymałem ROLE_NACK od 8[0;37m
[1;31m [1,127]: otrzymałem PAIR od 7[0;37m
[1;31m [1,127]: wysyłam PAIR_NACK do 7 z -1761607680[0;37m
[1;37m [0,125]: otrzymałem PAIR od 5[0;37m
[1;37m [0,125]: wysyłam PAIR_NACK do 5 z -1761607680[0;37m
[1;37m [0,127]: otrzymałem PAIR od 5[0;37m
[1;37m [0,127]: wysyłam PAIR_NACK do 5 z -1761607680[0;37m
[1;36m [6,99]: otrzymałem ROLE od 5[0;37m
[1;36m [6,99]: wysyłam ROLE_ACK do 5 z 1996488704[0;37m
[1;36m [6,101]: otrzymałem ROLE od 7[0;37m
[1;36m [6,101]: wysyłam ROLE_ACK do 7 z 126639061[0;37m
[1;36m [6,113]: otrzymałem ROLE_NACK od 4[0;37m
[1;36m [6,114]: otrzymałem ROLE_NACK od 5[0;37m
[1;36m [6,115]: otrzymałem ROLE_NACK od 7[0;37m
[1;36m [6,116]: otrzymałem ROLE od 8[0;37m
[1;36m [6,116]: wysyłam ROLE_ACK do 8 z 1331802736[0;37m
[1;36m [6,118]: otrzymałem ROLE od 9[0;37m
[1;36m [6,118]: wysyłam ROLE_NACK do 9 z 117440512[0;37m
[1;36m [6,120]: otrzymałem ROLE_ACK od 0[0;37m
[1;36m [6,121]: otrzymałem ROLE_ACK od 1[0;37m
[0;32m [9,109]: otrzymałem ROLE_NACK od 2[0;37m
[0;32m [9,110]: otrzymałem ROLE_NACK od 3[0;37m
[0;32m [9,111]: otrzymałem ROLE_NACK od 4[0;37m
[0;32m [9,112]: otrzymałem ROLE_NACK od 5[0;37m
[0;32m [9,113]: otrzymałem ROLE_NACK od 7[0;37m
[0;32m [9,114]: otrzymałem ROLE od 8[0;37m
[0;32m [9,114]: wysyłam ROLE_ACK do 8 z 1331802736[0;37m
[0;32m [9,116]: otrzymałem ROLE od 0[0;37m
[0;32m [9,116]: wysyłam ROLE_NACK do 0 z 846930886[0;37m
[0;32m [9,118]: otrzymałem ROLE od 1[0;37m
[0;32m [9,118]: wysyłam ROLE_NACK do 1 z 0[0;37m
[0;32m [9,120]: otrzymałem ROLE_NACK od 8[0;37m
[0;32m [9,121]: otrzymałem PAIR od 4[0;37m
[0;37m [7,120]: otrzymałem ROLE_ACK od 6[0;37m
[0;37m [7,120]: pairing: size2: 5 myId: 4 pairId: 9[0;37m
[0;37m [7,120]: wysyłam PAIR do 1 z 536870912[0;37m
[0;37m [7,121]: przechodzę do stanu WAIT_PAIR[0;37m
[0;37m [7,128]: otrzymałem PAIR_NACK od 1[0;37m
[0;37m [7,128]: wysyłam PAIR do 1 z -150994944[0;37m
[0;37m [7,131]: otrzymałem PAIR_NACK od 1[0;37m
[0;37m [7,131]: wysyłam PAIR do 1 z -150994944[0;37m
[0;31m [8,135]: otrzymałem ROLE_ACK od 6[0;37m
[0;31m [8,136]: otrzymałem PAIR od 2[0;37m
[0;31m [8,136]: wysyłam PAIR_NACK do 2 z 654311424[0;37m
[0;31m [8,137]: pairing: size2: 5 myId: 5 pairId: 0[0;37m
[0;31m [8,137]: przechodzę do stanu WAIT_PAIR[0;37m
[0;31m [8,138]: otrzymałem PAIR od 2[0;37m
[0;31m [8,138]: wysyłam PAIR_ACK do 2 z 654311424[0;37m
[0;31m [8,139]: przechodzę do stanu ROLLING[0;37m
[1;32m [2,137]: otrzymałem PAIR_NACK od 8[0;37m
[1;32m [2,137]: wysyłam PAIR do 8 z 1728053248[0;37m
[1;32m [2,139]: otrzymałem PAIR_ACK od 8[0;37m
[1;32m [2,139]: przechodzę do stanu WAIT_GUN[0;37m
[1;31m [1,129]: otrzymałem ROLE_NACK od 9[0;37m
[1;31m [1,130]: otrzymałem PAIR od 7[0;37m
[1;31m [1,130]: wysyłam PAIR_NACK do 7 z -1761607680[0;37m
[1;31m [1,132]: otrzymałem PAIR od 7[0;37m
[1;31m [1,132]: wysyłam PAIR_NACK do 7 z -1761607680[0;37m
[1;31m [1,134]: otrzymałem ROLE_NACK od 6[0;37m
[1;31m [1,135]: otrzymałem PAIR od 7[0;37m
[1;31m [1,135]: wysyłam PAIR_NACK do 7 z -1761607680[0;37m
[1;31m [1,136]: pairing: size2: 5 myId: 9 pairId: 4[0;37m
[1;31m [1,136]: przechodzę do stanu WAIT_PAIR[0;37m
[1;37m [0,129]: otrzymałem ROLE_NACK od 9[0;37m
[1;37m [0,130]: otrzymałem PAIR od 5[0;37m
[1;37m [0,130]: wysyłam PAIR_NACK do 5 z -1761607680[0;37m
[1;37m [0,132]: otrzymałem ROLE_NACK od 6[0;37m
[1;37m [0,133]: otrzymałem PAIR od 5[0;37m
[1;37m [0,133]: wysyłam PAIR_NACK do 5 z -1761607680[0;37m
[1;37m [0,134]: pairing: size2: 5 myId: 8 pairId: 3[0;37m
[1;37m [0,134]: przechodzę do stanu WAIT_PAIR[0;37m
[1;37m [0,135]: otrzymałem PAIR od 5[0;37m
[1;37m [0,135]: wysyłam PAIR_ACK do 5 z -1761607680[0;37m
[1;33m [3,131]: otrzymałem PAIR_NACK od 6[0;37m
[1;33m [3,131]: wysyłam PAIR do 6 z -687865856[0;37m
[1;36m [6,122]: otrzymałem ROLE_NACK od 2[0;37m
[1;36m [6,123]: otrzymałem ROLE_NACK od 3[0;37m
[1;36m [6,124]: otrzymałem ROLE_NACK od 8[0;37m
[1;36m [6,125]: otrzymałem ROLE_ACK od 9[0;37m
[1;36m [6,126]: otrzymałem ROLE od 0[0;37m
[1;36m [6,126]: wysyłam ROLE_NACK do 0 z 846930886[0;37m
[1;36m [6,128]: otrzymałem ROLE od 1[0;37m
[1;36m [6,128]: wysyłam ROLE_NACK do 1 z 0[0;37m
[1;36m [6,130]: otrzymałem PAIR od 3[0;37m
[1;36m [6,130]: wysyłam PAIR_NACK do 3 z -687865856[0;37m
[1;36m [6,130]: pairing: size2: 5 myId: 6 pairId: 1[0;37m
[1;36m [6,131]: przechodzę do stanu WAIT_PAIR[0;37m
[1;36m [6,132]: otrzymałem PAIR od 3[0;37m
[1;36m [6,132]: wysyłam PAIR_ACK do 3 z -687865856[0;37m
[1;36m [6,133]: przechodzę do stanu ROLLING[0;37m
[0;32m [9,121]: wysyłam PAIR_NACK do 4 z 117440512[0;37m
[0;32m [9,123]: otrzymałem ROLE_NACK od 6[0;37m
[0;32m [9,123]: pairing: size2: 5 myId: 7 pairId: 2[0;37m
[0;32m [9,123]: przechodzę do stanu WAIT_PAIR[0;37m
[1;35m [5,128]: otrzymałem PAIR_NACK od 0[0;37m
[1;35m [5,128]: wysyłam PAIR do 0 z 1308622848[0;37m
[1;35m [5,131]: otrzymałem PAIR_NACK od 0[0;37m
[1;35m [5,131]: wysyłam PAIR do 0 z 1308622848[0;37m
[1;35m [5,134]: otrzymałem PAIR_NACK od 0[0;37m
[1;35m [5,134]: wysyłam PAIR do 0 z 1308622848[0;37m
[1;35m [5,136]: otrzymałem PAIR_ACK od 0[0;37m
[1;35m [5,136]: przechodzę do stanu WAIT_GUN[0;37m
[1;35m [5,140]: otrzymałem GUN od 2[0;37m
[1;35m [5,140]: wysyłam GUN_ACK do 2 z 1728053248[0;37m
[0;37m [7,133]: otrzymałem PAIR_NACK od 1[0;37m
[0;37m [7,133]: wysyłam PAIR do 1 z -150994944[0;37m
[0;37m [7,136]: otrzymałem PAIR_NACK od 1[0;37m
[0;37m [7,136]: wysyłam PAIR do 1 z -150994944[0;37m
[0;37m [7,138]: otrzymałem PAIR_ACK od 1[0;37m
[0;37m [7,138]: przechodzę do stanu WAIT_GUN[0;37m
[1;35m [5,140]: wysyłam GUN do 2 z 1996488704[0;37m
[1;35m [5,140]: wysyłam GUN do 3 z 1996488704[0;37m
[1;35m [5,140]: wysyłam GUN do 4 z 1996488704[0;37m
[1;35m [5,140]: wysyłam GUN do 7 z 1996488704[0;37m
[1;32m [2,139]: wysyłam GUN do 3 z 1728053248[0;37m
[1;32m [2,139]: wysyłam GUN do 4 z 1728053248[0;37m
[1;32m [2,139]: wysyłam GUN do 5 z 1728053248[0;37m
[1;32m [2,139]: wysyłam GUN do 7 z 1728053248[0;37m
[1;32m [2,141]: otrzymałem GUN_ACK od 3[0;37m
[1;32m [2,142]: otrzymałem GUN od 3[0;37m
[1;32m [2,142]: wysyłam GUN_NACK do 3 z -687865856[0;37m
[1;32m [2,144]: otrzymałem GUN od 5[0;37m
[1;32m [2,144]: wysyłam GUN_NACK do 5 z 1996488704[0;37m
[1;31m [1,137]: otrzymałem PAIR od 7[0;37m
[1;31m [1,137]: wysyłam PAIR_ACK do 7 z -1761607680[0;37m
[1;31m [1,138]: przechodzę do stanu ROLLING[0;37m
[1;37m [0,136]: przechodzę do stanu ROLLING[0;37m
[1;33m [3,133]: otrzymałem PAIR_ACK od 6[0;37m
[1;33m [3,133]: przechodzę do stanu WAIT_GUN[0;37m
[1;33m [3,140]: otrzymałem GUN od 2[0;37m
[1;33m [3,140]: wysyłam GUN_ACK do 2 z 1728053248[0;37m
[1;33m [3,141]: wysyłam GUN do 2 z -687865856[0;37m
[1;33m [3,141]: wysyłam GUN do 4 z -687865856[0;37m
[1;33m [3,141]: wysyłam GUN do 5 z -687865856[0;37m
[1;33m [3,141]: wysyłam GUN do 7 z -687865856[0;37m
[1;33m [3,143]: otrzymałem GUN od 5[0;37m
[1;33m [3,143]: wysyłam GUN_ACK do 5 z 1996488704[0;37m
[1;33m [3,145]: otrzymałem GUN_NACK od 2[0;37m
[1;33m [3,146]: otrzymałem GUN od 7[0;37m
[1;33m [3,146]: wysyłam GUN_NACK do 7 z 126639061[0;37m
[0;37m [7,140]: otrzymałem GUN od 2[0;37m
[0;37m [7,140]: wysyłam GUN_ACK do 2 z 1728053248[0;37m
[0;37m [7,141]: wysyłam GUN do 2 z 126639061[0;37m
[0;37m [7,141]: wysyłam GUN do 3 z 126639061[0;37m
[0;37m [7,141]: wysyłam GUN do 4 z 126639061[0;37m
[0;37m [7,141]: wysyłam GUN do 5 z 126639061[0;37m
[0;37m [7,143]: otrzymałem GUN od 3[0;37m
[0;37m [7,143]: wysyłam GUN_ACK do 3 z -687865856[0;37m
[1;33m [3,148]: otrzymałem GUN_NACK od 5[0;37m
[1;33m [3,149]: otrzymałem GUN_ACK od 7[0;37m
[1;33m [3,150]: otrzymałem GUN_ACK od 4[0;37m
[1;35m [5,143]: otrzymałem GUN od 3[0;37m
[1;35m [5,143]: wysyłam GUN_NACK do 3 z -687865856[0;37m
[1;35m [5,145]: otrzymałem GUN_NACK od 2[0;37m
[1;35m [5,146]: otrzymałem GUN_ACK od 3[0;37m
[1;35m [5,147]: otrzymałem GUN od 7[0;37m
[1;35m [5,147]: wysyłam GUN_NACK do 7 z 126639061[0;37m
[1;35m [5,149]: otrzymałem GUN_ACK od 7[0;37m
[1;32m [2,146]: otrzymałem GUN_ACK od 7[0;37m
[1;32m [2,147]: otrzymałem GUN od 7[0;37m
[1;32m [2,147]: wysyłam GUN_NACK do 7 z 126639061[0;37m
[1;32m [2,149]: otrzymałem GUN_ACK od 5[0;37m
[1;32m [2,150]: otrzymałem GUN_ACK od 4[0;37m
[1;32m [2,150]: przechodzę do stanu ROLLING[0;37m
[1;34m [4,122]: otrzymałem PAIR_NACK od 9[0;37m
[1;34m [4,122]: wysyłam PAIR do 9 z 922746880[0;37m
[1;34m [4,140]: otrzymałem GUN od 2[0;37m
[1;34m [4,140]: wysyłam GUN_ACK do 2 z 1728053248[0;37m
[1;34m [4,142]: otrzymałem GUN od 3[0;37m
[1;34m [4,142]: wysyłam GUN_ACK do 3 z -687865856[0;37m
[1;34m [4,144]: otrzymałem GUN od 5[0;37m
[1;34m [4,144]: wysyłam GUN_ACK do 5 z 1996488704[0;37m
[1;34m [4,146]: otrzymałem GUN od 7[0;37m
[0;32m [9,124]: otrzymałem PAIR od 4[0;37m
[0;32m [9,124]: wysyłam PAIR_ACK do 4 z 117440512[0;37m
[0;32m [9,125]: przechodzę do stanu ROLLING[0;37m
[0;37m [7,145]: otrzymałem GUN od 5[0;37m
[0;37m [7,145]: wysyłam GUN_ACK do 5 z 1996488704[0;37m
[0;37m [7,147]: otrzymałem GUN_NACK od 3[0;37m
[0;37m [7,148]: otrzymałem GUN_NACK od 2[0;37m
[0;37m [7,149]: otrzymałem GUN_NACK od 5[0;37m
[0;37m [7,150]: otrzymałem GUN_ACK od 4[0;37m
[0;31m [8,151]: otrzymałem ROLL od 2[0;37m
[0;31m [8,151]: wysyłam ROLL do 2 z 1059255720[0;37m
[0;31m [8,152]: przechodzę do stanu WAIT_END[0;37m
[1;33m [3,152]: otrzymałem RELEASE od 2[0;37m
[1;35m [5,150]: otrzymałem GUN_ACK od 4[0;37m
[1;35m [5,152]: otrzymałem RELEASE od 2[0;37m
[1;35m [5,152]: przechodzę do stanu ROLLING[0;37m
[1;35m [5,152]: wysyłam ROLL do 0 z 1097851480[0;37m
[1;35m [5,153]: wysyłam RELEASE do 2 z 1097851480[0;37m
[1;35m [5,153]: wysyłam RELEASE do 3 z 1097851480[0;37m
[1;35m [5,153]: wysyłam RELEASE do 4 z 1097851480[0;37m
[1;32m [2,150]: wysyłam ROLL do 8 z 270256595[0;37m
[1;32m [2,151]: wysyłam RELEASE do 3 z 270256595[0;37m
[1;32m [2,151]: wysyłam RELEASE do 4 z 270256595[0;37m
[1;32m [2,151]: wysyłam RELEASE do 5 z 270256595[0;37m
[1;32m [2,151]: wysyłam RELEASE do 7 z 270256595[0;37m
[1;34m [4,146]: wysyłam GUN_ACK do 7 z 126639061[0;37m
[1;34m [4,148]: otrzymałem PAIR_ACK od 9[0;37m
[1;34m [4,148]: przechodzę do stanu WAIT_GUN[0;37m
[1;34m [4,152]: otrzymałem RELEASE od 2[0;37m
[1;34m [4,152]: wysyłam GUN do 2 z 922746880[0;37m
[1;34m [4,152]: wysyłam GUN do 3 z 922746880[0;37m
[1;34m [4,152]: wysyłam GUN do 5 z 922746880[0;37m
[1;34m [4,152]: wysyłam GUN do 7 z 922746880[0;37m
[0;37m [7,152]: otrzymałem RELEASE od 2[0;37m
[0;37m [7,153]: otrzymałem GUN od 4[0;37m
[0;37m [7,153]: wysyłam GUN_NACK do 4 z 922746880[0;37m
[1;32m [2,153]: otrzymałem ROLL od 8[0;37m
[1;32m [2,153]: przechodzę do stanu WAIT_END[0;37m
[1;32m [2,154]: otrzymałem GUN od 4[0;37m
[1;32m [2,154]: wysyłam GUN_ACK do 4 z 922746880[0;37m
[1;32m [2,156]: otrzymałem RELEASE od 5[0;37m
[1;32m [2,156]: wysyłam END do 3 z 0[0;37m
[0;37m [7,155]: otrzymałem RELEASE od 5[0;37m
[1;33m [3,153]: otrzymałem GUN od 4[0;37m
[1;33m [3,153]: wysyłam GUN_NACK do 4 z 922746880[0;37m
[1;33m [3,155]: otrzymałem RELEASE od 5[0;37m
[1;33m [3,155]: przechodzę do stanu ROLLING[0;37m
[1;33m [3,155]: wysyłam ROLL do 6 z 2051940125[0;37m
[1;33m [3,156]: wysyłam RELEASE do 2 z 2051940125[0;37m
[1;33m [3,156]: wysyłam RELEASE do 4 z 2051940125[0;37m
[1;33m [3,156]: wysyłam RELEASE do 5 z 2051940125[0;37m
[1;37m [0,153]: otrzymałem ROLL od 5[0;37m
[1;37m [0,153]: wysyłam ROLL do 5 z 1681692777[0;37m
[1;37m [0,154]: przechodzę do stanu WAIT_END[0;37m
[1;35m [5,153]: wysyłam RELEASE do 7 z 1097851480[0;37m
[1;35m [5,155]: otrzymałem GUN od 4[0;37m
[1;35m [5,155]: wysyłam GUN_ACK do 4 z 922746880[0;37m
[1;35m [5,157]: otrzymałem ROLL od 0[0;37m
[1;35m [5,157]: przechodzę do stanu WAIT_END[0;37m
[1;35m [5,158]: otrzymałem RELEASE od 3[0;37m
[1;32m [2,158]: otrzymałem RELEASE od 3[0;37m
[1;32m [2,159]: otrzymałem END od 3[0;37m
[1;34m [4,154]: otrzymałem RELEASE od 5[0;37m
[1;34m [4,155]: otrzymałem GUN_ACK od 2[0;37m
[0;37m [7,157]: otrzymałem RELEASE od 3[0;37m
[0;37m [7,157]: przechodzę do stanu ROLLING[0;37m
[0;37m [7,157]: wysyłam ROLL do 1 z 1426652983[0;37m
[1;33m [3,156]: wysyłam RELEASE do 7 z 2051940125[0;37m
[1;33m [3,158]: otrzymałem END od 2[0;37m
[1;33m [3,158]: wysyłam END do 2 z -1[0;37m
[1;33m [3,159]: bcs state: ROLLING[0;37m
[1;33m [3,160]: otrzymałem ROLL od 6[0;37m
[1;33m [3,160]: przechodzę do stanu WAIT_END[0;37m
[1;36m [6,156]: otrzymałem ROLL od 3[0;37m
[1;36m [6,156]: wysyłam ROLL do 3 z 722854823[0;37m
[1;36m [6,157]: przechodzę do stanu WAIT_END[0;37m
[0;37m [7,158]: wysyłam RELEASE do 2 z 1426652983[0;37m
[0;37m [7,158]: wysyłam RELEASE do 3 z 1426652983[0;37m
[0;37m [7,158]: wysyłam RELEASE do 4 z 1426652983[0;37m
[0;37m [7,158]: wysyłam RELEASE do 5 z 1426652983[0;37m
[1;33m [3,161]: otrzymałem RELEASE od 7[0;37m
[1;35m [5,159]: otrzymałem RELEASE od 7[0;37m
[1;34m [4,156]: otrzymałem GUN_NACK od 3[0;37m
[1;34m [4,157]: otrzymałem GUN_ACK od 5[0;37m
[1;34m [4,158]: otrzymałem GUN_NACK od 7[0;37m
[1;34m [4,159]: otrzymałem RELEASE od 3[0;37m
[1;34m [4,160]: otrzymałem RELEASE od 7[0;37m
[1;34m [4,160]: przechodzę do stanu ROLLING[0;37m
[1;34m [4,160]: wysyłam ROLL do 9 z 599450693[0;37m
[1;31m [1,158]: otrzymałem ROLL od 7[0;37m
[1;31m [1,158]: wysyłam ROLL do 7 z 1728801484[0;37m
[1;31m [1,159]: przechodzę do stanu WAIT_END[0;37m
[1;35m [5,162]: otrzymałem RELEASE od 4[0;37m
[1;34m [4,161]: wysyłam RELEASE do 2 z 599450693[0;37m
[1;34m [4,161]: wysyłam RELEASE do 3 z 599450693[0;37m
[1;34m [4,161]: wysyłam RELEASE do 5 z 599450693[0;37m
[1;34m [4,161]: wysyłam RELEASE do 7 z 599450693[0;37m
[0;37m [7,160]: otrzymałem ROLL od 1[0;37m
[0;37m [7,160]: przechodzę do stanu WAIT_END[0;37m
[0;37m [7,162]: otrzymałem RELEASE od 4[0;37m
[1;33m [3,162]: otrzymałem RELEASE od 4[0;37m
[0;32m [9,161]: otrzymałem ROLL od 4[0;37m
[0;32m [9,161]: wysyłam ROLL do 4 z 687046193[0;37m
[0;32m [9,162]: przechodzę do stanu WAIT_END[0;37m
[1;34m [4,163]: otrzymałem ROLL od 9[0;37m
[1;34m [4,163]: przechodzę do stanu WAIT_END[0;37m
[1;32m [2,159]: wysyłam END do 3 z 0[0;37m
[1;32m [2,161]: otrzymałem RELEASE od 7[0;37m
[1;32m [2,162]: otrzymałem RELEASE od 4[0;37m
[1;35m [5,165]: otrzymałem END od 4[0;37m
[1;35m [5,165]: wysyłam END do 6 z 0[0;37m
[1;33m [3,163]: otrzymałem END od 2[0;37m
[1;33m [3,163]: wysyłam END do 4 z 0[0;37m
[1;34m [4,164]: otrzymałem END od 3[0;37m
[1;34m [4,164]: wysyłam END do 5 z 0[0;37m
[1;36m [6,166]: otrzymałem END od 5[0;37m
[1;36m [6,166]: wysyłam END do 7 z 0[0;37m
[0;37m [7,167]: otrzymałem END od 6[0;37m
[0;37m [7,167]: wysyłam END do 8 z 0[0;37m
[0;31m [8,168]: otrzymałem END od 7[0;37m
[0;31m [8,168]: wysyłam END do 9 z 0[0;37m
[0;32m [9,169]: otrzymałem END od 8[0;37m
[0;32m [9,169]: wysyłam END do 0 z 0[0;37m
[1;31m [1,171]: otrzymałem END od 0[0;37m
[1;31m [1,171]: wysyłam END do 2 z 0[0;37m
[1;37m [0,170]: otrzymałem END od 9[0;37m
[1;37m [0,170]: wysyłam END do 1 z 0[0;37m
[1;33m [3,173]: otrzymałem END od 2[0;37m
[1;33m [3,173]: przesyłam dalej[0;37m
[1;33m [3,173]: wysyłam END do 4 z 2[0;37m
[1;33m [3,174]: przechodzę do stanu FINISHED[0;37m
[1;32m [2,172]: otrzymałem END od 1[0;37m
[1;32m [2,172]: wysyłam END do 3 z 1[0;37m
[1;36m [6,176]: otrzymałem END od 5[0;37m
[1;36m [6,176]: przesyłam dalej[0;37m
[1;36m [6,176]: wysyłam END do 7 z 5[0;37m
[1;35m [5,175]: otrzymałem END od 4[0;37m
[1;35m [5,175]: przesyłam dalej[0;37m
[1;35m [5,175]: wysyłam END do 6 z 4[0;37m
[1;35m [5,176]: przechodzę do stanu FINISHED[0;37m
[1;35m [5,176]: czekam na wątek "komunikacyjny"
[0;37m
[1;33m [3,174]: czekam na wątek "komunikacyjny"
[0;37m
[1;34m [4,174]: otrzymałem END od 3[0;37m
[1;34m [4,174]: przesyłam dalej[0;37m
[1;34m [4,174]: wysyłam END do 5 z 3[0;37m
[1;34m [4,175]: przechodzę do stanu FINISHED[0;37m
[1;34m [4,175]: czekam na wątek "komunikacyjny"
[0;37m
[0;31m [8,178]: otrzymałem END od 7[0;37m
[0;31m [8,178]: przesyłam dalej[0;37m
[0;31m [8,178]: wysyłam END do 9 z 7[0;37m
[0;31m [8,179]: przechodzę do stanu FINISHED[0;37m
[0;31m [8,179]: czekam na wątek "komunikacyjny"
[0;37m
[1;36m [6,177]: przechodzę do stanu FINISHED[0;37m
[1;36m [6,177]: czekam na wątek "komunikacyjny"
[0;37m
[0;37m [7,177]: otrzymałem END od 6[0;37m
[0;37m [7,177]: przesyłam dalej[0;37m
[0;37m [7,177]: wysyłam END do 8 z 6[0;37m
[0;37m [7,178]: przechodzę do stanu FINISHED[0;37m
[0;37m [7,178]: czekam na wątek "komunikacyjny"
[0;37m
[0;32m [9,179]: otrzymałem END od 8[0;37m
[0;32m [9,179]: przesyłam dalej[0;37m
[0;32m [9,179]: wysyłam END do 0 z 8[0;37m
[0;32m [9,180]: przechodzę do stanu FINISHED[0;37m
[1;32m [2,182]: otrzymałem END od 1[0;37m
[1;32m [2,182]: przechodzę do stanu FINISHED[0;37m
[1;32m [2,182]: wysyłam SCORE do 3 z 0[0;37m
[1;32m [2,183]: czekam na wątek "komunikacyjny"
[0;37m
[0;32m [9,180]: czekam na wątek "komunikacyjny"
[0;37m
[1;37m [0,180]: otrzymałem END od 9[0;37m
[1;37m [0,180]: przesyłam dalej[0;37m
[1;37m [0,180]: wysyłam END do 1 z 9[0;37m
[1;37m [0,181]: przechodzę do stanu FINISHED[0;37m
[1;37m [0,181]: czekam na wątek "komunikacyjny"
[0;37m
[1;33m [3,183]: otrzymałem SCORE od 2[0;37m
[1;33m [3,183]: wysyłam SCORE do 4 z 1[0;37m
[1;31m [1,181]: otrzymałem END od 0[0;37m
[1;31m [1,181]: przesyłam dalej[0;37m
[1;31m [1,181]: wysyłam END do 2 z 10[0;37m
[1;31m [1,182]: przechodzę do stanu FINISHED[0;37m
[1;31m [1,182]: czekam na wątek "komunikacyjny"
[0;37m
[1;34m [4,184]: otrzymałem SCORE od 3[0;37m
[1;34m [4,184]: wysyłam SCORE do 5 z 2[0;37m
[1;35m [5,185]: otrzymałem SCORE od 4[0;37m
[1;35m [5,185]: wysyłam SCORE do 6 z 3[0;37m
[0;31m [8,188]: otrzymałem SCORE od 7[0;37m
[0;31m [8,188]: wysyłam SCORE do 9 z 6[0;37m
[0;32m [9,189]: otrzymałem SCORE od 8[0;37m
[0;32m [9,189]: wysyłam SCORE do 0 z 7[0;37m
[1;36m [6,186]: otrzymałem SCORE od 5[0;37m
[1;36m [6,186]: wysyłam SCORE do 7 z 4[0;37m
[0;37m [7,187]: otrzymałem SCORE od 6[0;37m
[0;37m [7,187]: wysyłam SCORE do 8 z 5[0;37m
[1;37m [0,190]: otrzymałem SCORE od 9[0;37m
[1;37m [0,190]: wysyłam SCORE do 1 z 8[0;37m
[1;31m [1,191]: otrzymałem SCORE od 0[0;37m
[1;31m [1,191]: wysyłam SCORE do 2 z 9[0;37m
[1;32m [2,192]: otrzymałem SCORE od 1[0;37m
[1;32m [2,192]: Koniec gry. Wygrał proces ID 2 z wynikiem 2.[0;37m
